#
# There is insufficient memory for the Java Runtime Environment to continue.
# Native memory allocation (malloc) failed to allocate 378128 bytes for Chunk::new
# Possible reasons:
#   The system is out of physical RAM or swap space
#   The process is running with CompressedOops enabled, and the Java Heap may be blocking the growth of the native heap
# Possible solutions:
#   Reduce memory load on the system
#   Increase physical memory or swap space
#   Check if swap backing store is full
#   Decrease Java heap size (-Xmx/-Xms)
#   Decrease number of Java threads
#   Decrease Java thread stack sizes (-Xss)
#   Set larger code cache with -XX:ReservedCodeCacheSize=
#   JVM is running with Zero Based Compressed Oops mode in which the Java heap is
#     placed in the first 32GB address space. The Java Heap base address is the
#     maximum limit for the native heap growth. Please use -XX:HeapBaseMinAddress
#     to set the Java Heap base and to place the Java Heap above 32GB virtual address.
# This output file may be truncated or incomplete.
#
#  Out of Memory Error (allocation.cpp:389), pid=34772, tid=0x0000000000006488
#
# JRE version: Java(TM) SE Runtime Environment (8.0_202-b08) (build 1.8.0_202-b08)
# Java VM: Java HotSpot(TM) 64-Bit Server VM (25.202-b08 mixed mode windows-amd64 compressed oops)
# Failed to write core dump. Minidumps are not enabled by default on client versions of Windows
#

---------------  T H R E A D  ---------------

Current thread (0x000000001e9d3000):  JavaThread "C2 CompilerThread1" daemon [_thread_in_native, id=25736, stack(0x0000000020670000,0x0000000020770000)]

Stack: [0x0000000020670000,0x0000000020770000]
[error occurred during error reporting (printing stack bounds), id 0xc0000005]

Native frames: (J=compiled Java code, j=interpreted, Vv=VM code, C=native code)


Current CompileTask:
C2:    759 1475 %     4       java.io.WinNTFileSystem::normalize @ 22 (143 bytes)


---------------  P R O C E S S  ---------------

Java Threads: ( => current thread )
  0x00000000215b2800 JavaThread "surefire-forkedjvm-ping-30s" daemon [_thread_blocked, id=23656, stack(0x0000000021d70000,0x0000000021e70000)]
  0x000000001ebcd800 JavaThread "surefire-forkedjvm-command-thread" daemon [_thread_in_native, id=34036, stack(0x0000000021470000,0x0000000021570000)]
  0x000000001eab1800 JavaThread "Service Thread" daemon [_thread_blocked, id=30100, stack(0x0000000021270000,0x0000000021370000)]
  0x000000001e9ec000 JavaThread "C1 CompilerThread11" daemon [_thread_in_native, id=23404, stack(0x0000000021070000,0x0000000021170000)]
  0x000000001e9ea000 JavaThread "C1 CompilerThread10" daemon [_thread_blocked, id=15568, stack(0x0000000020f70000,0x0000000021070000)]
  0x000000001e9e9800 JavaThread "C1 CompilerThread9" daemon [_thread_blocked, id=29908, stack(0x0000000020e70000,0x0000000020f70000)]
  0x000000001e9e8000 JavaThread "C1 CompilerThread8" daemon [_thread_blocked, id=35000, stack(0x0000000020d70000,0x0000000020e70000)]
  0x000000001e9e1800 JavaThread "C2 CompilerThread7" daemon [_thread_blocked, id=15740, stack(0x0000000020c70000,0x0000000020d70000)]
  0x000000001e9db000 JavaThread "C2 CompilerThread6" daemon [_thread_blocked, id=10140, stack(0x0000000020b70000,0x0000000020c70000)]
  0x000000001e9da800 JavaThread "C2 CompilerThread5" daemon [_thread_blocked, id=36948, stack(0x0000000020a70000,0x0000000020b70000)]
  0x000000001e9d7800 JavaThread "C2 CompilerThread4" daemon [_thread_blocked, id=23984, stack(0x0000000020970000,0x0000000020a70000)]
  0x000000001e9d6800 JavaThread "C2 CompilerThread3" daemon [_thread_blocked, id=20544, stack(0x0000000020870000,0x0000000020970000)]
  0x000000001e9d4000 JavaThread "C2 CompilerThread2" daemon [_thread_in_native, id=8008, stack(0x0000000020770000,0x0000000020870000)]
=>0x000000001e9d3000 JavaThread "C2 CompilerThread1" daemon [_thread_in_native, id=25736, stack(0x0000000020670000,0x0000000020770000)]
  0x000000001e979000 JavaThread "C2 CompilerThread0" daemon [_thread_blocked, id=19512, stack(0x0000000020570000,0x0000000020670000)]
  0x000000001e9d2000 JavaThread "Attach Listener" daemon [_thread_blocked, id=34812, stack(0x0000000020470000,0x0000000020570000)]
  0x000000001e9cf800 JavaThread "Signal Dispatcher" daemon [_thread_blocked, id=11212, stack(0x0000000020370000,0x0000000020470000)]
  0x000000001cef4800 JavaThread "Finalizer" daemon [_thread_blocked, id=27952, stack(0x00000000201c0000,0x00000000202c0000)]
  0x000000001e956000 JavaThread "Reference Handler" daemon [_thread_blocked, id=22852, stack(0x00000000200c0000,0x00000000201c0000)]
  0x0000000002ff2800 JavaThread "main" [_thread_in_Java, id=4176, stack(0x0000000002ec0000,0x0000000002fc0000)]

Other Threads:
  0x000000001e933000 VMThread [stack: 0x000000001ffc0000,0x00000000200c0000] [id=29168]
  0x000000001eaf7800 WatcherThread [stack: 0x0000000021370000,0x0000000021470000] [id=18728]

VM state:not at safepoint (normal execution)

VM Mutex/Monitor currently owned by a thread: None

heap address: 0x00000006c4200000, size: 4030 MB, Compressed Oops mode: Zero based, Oop shift amount: 3
Narrow klass base: 0x0000000000000000, Narrow klass shift: 3
Compressed class space size: 1073741824 Address: 0x00000007c0000000

Heap:
 PSYoungGen      total 75264K, used 13454K [0x000000076c100000, 0x0000000771500000, 0x00000007c0000000)
  eden space 64512K, 10% used [0x000000076c100000,0x000000076c756818,0x0000000770000000)
  from space 10752K, 64% used [0x0000000770a80000,0x000000077114d0c0,0x0000000771500000)
  to   space 10752K, 0% used [0x0000000770000000,0x0000000770000000,0x0000000770a80000)
 ParOldGen       total 172032K, used 32K [0x00000006c4200000, 0x00000006cea00000, 0x000000076c100000)
  object space 172032K, 0% used [0x00000006c4200000,0x00000006c4208000,0x00000006cea00000)
 Metaspace       used 14828K, capacity 15952K, committed 16256K, reserved 1062912K
  class space    used 1867K, capacity 2094K, committed 2176K, reserved 1048576K

Card table byte_map: [0x00000000124c0000,0x0000000012ca0000] byte_map_base: 0x000000000ee9f000

Marking Bits: (ParMarkBitMap*) 0x0000000073f25ce0
 Begin Bits: [0x0000000013ee0000, 0x0000000017dd8000)
 End Bits:   [0x0000000017dd8000, 0x000000001bcd0000)

Polling page: 0x0000000001690000

CodeCache: size=245760Kb used=6778Kb max_used=6789Kb free=238981Kb
 bounds [0x0000000003100000, 0x00000000037b0000, 0x0000000012100000]
 total_blobs=1856 nmethods=1491 adapters=274
 compilation: enabled

Compilation events (10 events):
Event: 0.742 Thread 0x000000001e9db000 nmethod 1487 0x0000000003792ed0 code [0x0000000003793000, 0x0000000003793098]
Event: 0.749 Thread 0x000000001e9da800 1488       4       java.net.URLStreamHandler::setURL (40 bytes)
Event: 0.749 Thread 0x000000001e979000 1489   !   4       java.net.URL::set (114 bytes)
Event: 0.751 Thread 0x000000001e979000 nmethod 1489 0x00000000037a05d0 code [0x00000000037a0720, 0x00000000037a0a18]
Event: 0.751 Thread 0x000000001e9da800 nmethod 1488 0x000000000379ff90 code [0x00000000037a00e0, 0x00000000037a0418]
Event: 0.752 Thread 0x000000001e9ea000 1490       3       java.util.concurrent.CopyOnWriteArrayList::get (10 bytes)
Event: 0.752 Thread 0x000000001e9e9800 1491       3       java.util.concurrent.CopyOnWriteArrayList::get (4 bytes)
Event: 0.752 Thread 0x000000001e9e9800 nmethod 1491 0x000000000379fbd0 code [0x000000000379fd20, 0x000000000379fe90]
Event: 0.752 Thread 0x000000001e9ea000 nmethod 1490 0x000000000379f6d0 code [0x000000000379f840, 0x000000000379fab0]
Event: 0.755 Thread 0x000000001e9d6800 1492       4       java.lang.ClassLoader::checkName (43 bytes)

GC Heap History (4 events):
Event: 0.499 GC heap before
{Heap before GC invocations=1 (full 0):
 PSYoungGen      total 75264K, used 64512K [0x000000076c100000, 0x0000000771500000, 0x00000007c0000000)
  eden space 64512K, 100% used [0x000000076c100000,0x0000000770000000,0x0000000770000000)
  from space 10752K, 0% used [0x0000000770a80000,0x0000000770a80000,0x0000000771500000)
  to   space 10752K, 0% used [0x0000000770000000,0x0000000770000000,0x0000000770a80000)
 ParOldGen       total 172032K, used 0K [0x00000006c4200000, 0x00000006cea00000, 0x000000076c100000)
  object space 172032K, 0% used [0x00000006c4200000,0x00000006c4200000,0x00000006cea00000)
 Metaspace       used 10365K, capacity 11290K, committed 11520K, reserved 1058816K
  class space    used 1284K, capacity 1487K, committed 1536K, reserved 1048576K
Event: 0.502 GC heap after
Heap after GC invocations=1 (full 0):
 PSYoungGen      total 75264K, used 6038K [0x000000076c100000, 0x0000000771500000, 0x00000007c0000000)
  eden space 64512K, 0% used [0x000000076c100000,0x000000076c100000,0x0000000770000000)
  from space 10752K, 56% used [0x0000000770000000,0x00000007705e5ae8,0x0000000770a80000)
  to   space 10752K, 0% used [0x0000000770a80000,0x0000000770a80000,0x0000000771500000)
 ParOldGen       total 172032K, used 24K [0x00000006c4200000, 0x00000006cea00000, 0x000000076c100000)
  object space 172032K, 0% used [0x00000006c4200000,0x00000006c4206000,0x00000006cea00000)
 Metaspace       used 10365K, capacity 11290K, committed 11520K, reserved 1058816K
  class space    used 1284K, capacity 1487K, committed 1536K, reserved 1048576K
}
Event: 0.736 GC heap before
{Heap before GC invocations=2 (full 0):
 PSYoungGen      total 75264K, used 70550K [0x000000076c100000, 0x0000000771500000, 0x00000007c0000000)
  eden space 64512K, 100% used [0x000000076c100000,0x0000000770000000,0x0000000770000000)
  from space 10752K, 56% used [0x0000000770000000,0x00000007705e5ae8,0x0000000770a80000)
  to   space 10752K, 0% used [0x0000000770a80000,0x0000000770a80000,0x0000000771500000)
 ParOldGen       total 172032K, used 24K [0x00000006c4200000, 0x00000006cea00000, 0x000000076c100000)
  object space 172032K, 0% used [0x00000006c4200000,0x00000006c4206000,0x00000006cea00000)
 Metaspace       used 14599K, capacity 15768K, committed 16000K, reserved 1062912K
  class space    used 1837K, capacity 2054K, committed 2176K, reserved 1048576K
Event: 0.741 GC heap after
Heap after GC invocations=2 (full 0):
 PSYoungGen      total 75264K, used 6964K [0x000000076c100000, 0x0000000771500000, 0x00000007c0000000)
  eden space 64512K, 0% used [0x000000076c100000,0x000000076c100000,0x0000000770000000)
  from space 10752K, 64% used [0x0000000770a80000,0x000000077114d0c0,0x0000000771500000)
  to   space 10752K, 0% used [0x0000000770000000,0x0000000770000000,0x0000000770a80000)
 ParOldGen       total 172032K, used 32K [0x00000006c4200000, 0x00000006cea00000, 0x000000076c100000)
  object space 172032K, 0% used [0x00000006c4200000,0x00000006c4208000,0x00000006cea00000)
 Metaspace       used 14599K, capacity 15768K, committed 16000K, reserved 1062912K
  class space    used 1837K, capacity 2054K, committed 2176K, reserved 1048576K
}

Deoptimization events (10 events):
Event: 0.539 Thread 0x0000000002ff2800 Uncommon trap: reason=class_check action=maybe_recompile pc=0x0000000003464188 method=java.lang.String.equals(Ljava/lang/Object;)Z @ 8
Event: 0.541 Thread 0x0000000002ff2800 Uncommon trap: reason=class_check action=maybe_recompile pc=0x0000000003464188 method=java.lang.String.equals(Ljava/lang/Object;)Z @ 8
Event: 0.562 Thread 0x0000000002ff2800 Uncommon trap: reason=unstable_if action=reinterpret pc=0x00000000035e8170 method=sun.misc.URLClassPath$JarLoader.getResource(Ljava/lang/String;ZLjava/util/Set;)Lsun/misc/Resource; @ 17
Event: 0.585 Thread 0x0000000002ff2800 Uncommon trap: reason=bimorphic action=maybe_recompile pc=0x000000000367dc38 method=java.util.HashMap.putVal(ILjava/lang/Object;Ljava/lang/Object;ZZ)Ljava/lang/Object; @ 203
Event: 0.604 Thread 0x0000000002ff2800 Uncommon trap: reason=unstable_if action=reinterpret pc=0x00000000035a3f74 method=java.io.WinNTFileSystem.normalize(Ljava/lang/String;)Ljava/lang/String; @ 128
Event: 0.604 Thread 0x0000000002ff2800 Uncommon trap: reason=unstable_if action=reinterpret pc=0x000000000351f50c method=java.io.WinNTFileSystem.normalize(Ljava/lang/String;II)Ljava/lang/String; @ 8
Event: 0.649 Thread 0x0000000002ff2800 Uncommon trap: reason=bimorphic action=maybe_recompile pc=0x000000000367dc38 method=java.util.HashMap.putVal(ILjava/lang/Object;Ljava/lang/Object;ZZ)Ljava/lang/Object; @ 203
Event: 0.653 Thread 0x0000000002ff2800 Uncommon trap: reason=unstable_if action=reinterpret pc=0x0000000003718818 method=java.util.Properties$LineReader.readLine()I @ 105
Event: 0.653 Thread 0x0000000002ff2800 Uncommon trap: reason=unstable_if action=reinterpret pc=0x00000000036e9594 method=java.util.Properties$LineReader.readLine()I @ 105
Event: 0.670 Thread 0x0000000002ff2800 Uncommon trap: reason=range_check action=make_not_entrant pc=0x00000000035b9168 method=sun.reflect.generics.parser.SignatureParser.current()C @ 34

Classes redefined (0 events):
No events

Internal exceptions (10 events):
Event: 0.497 Thread 0x0000000002ff2800 Exception <a 'java/io/FileNotFoundException'> (0x000000076ff9ad08) thrown at [C:\re\workspace\8-2-build-windows-amd64-cygwin\jdk8u202\12323\hotspot\src\share\vm\prims\jni.cpp, line 710]
Event: 0.515 Thread 0x0000000002ff2800 Exception <a 'java/lang/NoSuchMethodError': org.slf4j.impl.StaticMDCBinder.getSingleton()Lorg/slf4j/impl/StaticMDCBinder;> (0x000000076c4812b8) thrown at [C:\re\workspace\8-2-build-windows-amd64-cygwin\jdk8u202\12323\hotspot\src\share\vm\interpreter\linkR
Event: 0.537 Thread 0x0000000002ff2800 Implicit null exception at 0x000000000368e558 to 0x000000000368e5e6
Event: 0.537 Thread 0x0000000002ff2800 Implicit null exception at 0x000000000360de6f to 0x000000000360ded9
Event: 0.653 Thread 0x0000000002ff2800 Implicit null exception at 0x0000000003717fca to 0x00000000037187e5
Event: 0.653 Thread 0x0000000002ff2800 Implicit null exception at 0x00000000036e8ca4 to 0x00000000036e955d
Event: 0.660 Thread 0x0000000002ff2800 Exception <a 'java/lang/NoSuchMethodError': java.lang.Object.lambda$static$0(Ljava/lang/Object;)Ljava/lang/Object;> (0x000000076eb11a50) thrown at [C:\re\workspace\8-2-build-windows-amd64-cygwin\jdk8u202\12323\hotspot\src\share\vm\interpreter\linkResolver
Event: 0.670 Thread 0x0000000002ff2800 Exception <a 'java/lang/ArrayIndexOutOfBoundsException': 18> (0x000000076eed1d18) thrown at [C:\re\workspace\8-2-build-windows-amd64-cygwin\jdk8u202\12323\hotspot\src\share\vm\interpreter\interpreterRuntime.cpp, line 368]
Event: 0.670 Thread 0x0000000002ff2800 Exception <a 'java/lang/ArrayIndexOutOfBoundsException': 182> (0x000000076eed3c20) thrown at [C:\re\workspace\8-2-build-windows-amd64-cygwin\jdk8u202\12323\hotspot\src\share\vm\interpreter\interpreterRuntime.cpp, line 368]
Event: 0.670 Thread 0x0000000002ff2800 Exception <a 'java/lang/ArrayIndexOutOfBoundsException': 60> (0x000000076eed5250) thrown at [C:\re\workspace\8-2-build-windows-amd64-cygwin\jdk8u202\12323\hotspot\src\share\vm\interpreter\interpreterRuntime.cpp, line 368]

Events (10 events):
Event: 0.755 loading class org/springframework/core/style/DefaultToStringStyler
Event: 0.755 loading class org/springframework/core/style/DefaultToStringStyler done
Event: 0.755 loading class org/springframework/core/style/StylerUtils
Event: 0.755 loading class org/springframework/core/style/StylerUtils done
Event: 0.755 loading class org/springframework/core/style/ValueStyler
Event: 0.755 loading class org/springframework/core/style/ValueStyler done
Event: 0.756 loading class org/springframework/core/style/DefaultValueStyler
Event: 0.756 loading class org/springframework/core/style/DefaultValueStyler done
Event: 0.756 loading class org/springframework/test/context/event/BeforeTestClassEvent
Event: 0.756 loading class org/springframework/test/context/event/BeforeTestClassEvent done


Dynamic libraries:
0x00007ff7fbd40000 - 0x00007ff7fbd77000 	C:\Program Files\Java\jdk1.8.0_202\jre\bin\java.exe
0x00007ffbaaef0000 - 0x00007ffbab107000 	C:\Windows\SYSTEM32\ntdll.dll
0x00007ffba98f0000 - 0x00007ffba99b4000 	C:\Windows\System32\KERNEL32.DLL
0x00007ffba84b0000 - 0x00007ffba885c000 	C:\Windows\System32\KERNELBASE.dll
0x00007ffba8c90000 - 0x00007ffba8d42000 	C:\Windows\System32\ADVAPI32.dll
0x00007ffba8d50000 - 0x00007ffba8df7000 	C:\Windows\System32\msvcrt.dll
0x00007ffbaa390000 - 0x00007ffbaa43a000 	C:\Windows\System32\sechost.dll
0x00007ffba8220000 - 0x00007ffba8248000 	C:\Windows\System32\bcrypt.dll
0x00007ffba8fa0000 - 0x00007ffba90b5000 	C:\Windows\System32\RPCRT4.dll
0x00007ffba96e0000 - 0x00007ffba988e000 	C:\Windows\System32\USER32.dll
0x00007ffba8250000 - 0x00007ffba8276000 	C:\Windows\System32\win32u.dll
0x00007ffba8f70000 - 0x00007ffba8f99000 	C:\Windows\System32\GDI32.dll
0x00007ffba8b10000 - 0x00007ffba8c29000 	C:\Windows\System32\gdi32full.dll
0x00007ffba8280000 - 0x00007ffba831a000 	C:\Windows\System32\msvcp_win.dll
0x00007ffba8320000 - 0x00007ffba8431000 	C:\Windows\System32\ucrtbase.dll
0x00007ffb87310000 - 0x00007ffb875a3000 	C:\Windows\WinSxS\amd64_microsoft.windows.common-controls_6595b64144ccf1df_6.0.22621.3672_none_2713b9d173822955\COMCTL32.dll
0x00007ffbaae70000 - 0x00007ffbaaea1000 	C:\Windows\System32\IMM32.DLL
0x0000000073fb0000 - 0x0000000074082000 	C:\Program Files\Java\jdk1.8.0_202\jre\bin\msvcr100.dll
0x0000000073700000 - 0x0000000073fa5000 	C:\Program Files\Java\jdk1.8.0_202\jre\bin\server\jvm.dll
0x00007ffba9f00000 - 0x00007ffba9f08000 	C:\Windows\System32\PSAPI.DLL
0x00007ffb9b190000 - 0x00007ffb9b19a000 	C:\Windows\SYSTEM32\VERSION.dll
0x00007ffba1cc0000 - 0x00007ffba1cc9000 	C:\Windows\SYSTEM32\WSOCK32.dll
0x00007ffba0e50000 - 0x00007ffba0e84000 	C:\Windows\SYSTEM32\WINMM.dll
0x00007ffba8e10000 - 0x00007ffba8e81000 	C:\Windows\System32\WS2_32.dll
0x00007ffb95310000 - 0x00007ffb9531f000 	C:\Program Files\Java\jdk1.8.0_202\jre\bin\verify.dll
0x00007ffb952e0000 - 0x00007ffb95309000 	C:\Program Files\Java\jdk1.8.0_202\jre\bin\java.dll
0x00007ffb952c0000 - 0x00007ffb952d6000 	C:\Program Files\Java\jdk1.8.0_202\jre\bin\zip.dll
0x00007ffbaa610000 - 0x00007ffbaae6c000 	C:\Windows\System32\SHELL32.dll
0x00007ffba6130000 - 0x00007ffba6a27000 	C:\Windows\SYSTEM32\windows.storage.dll
0x00007ffba99e0000 - 0x00007ffba9d68000 	C:\Windows\System32\combase.dll
0x00007ffba5e90000 - 0x00007ffba5fcf000 	C:\Windows\SYSTEM32\wintypes.dll
0x00007ffba9d70000 - 0x00007ffba9e64000 	C:\Windows\System32\SHCORE.dll
0x00007ffba8c30000 - 0x00007ffba8c8e000 	C:\Windows\System32\shlwapi.dll
0x00007ffba8150000 - 0x00007ffba8171000 	C:\Windows\SYSTEM32\profapi.dll
0x00007ffba1090000 - 0x00007ffba109d000 	C:\Program Files\Java\jdk1.8.0_202\jre\bin\management.dll
0x00007ffb952a0000 - 0x00007ffb952ba000 	C:\Program Files\Java\jdk1.8.0_202\jre\bin\net.dll
0x00007ffb949f0000 - 0x00007ffb94be0000 	C:\Windows\SYSTEM32\urlmon.dll
0x00007ffb89f80000 - 0x00007ffb89fa8000 	C:\Windows\SYSTEM32\srvcli.dll
0x00007ffb8a090000 - 0x00007ffb8a34e000 	C:\Windows\SYSTEM32\iertutil.dll
0x00007ffba6cf0000 - 0x00007ffba6cfc000 	C:\Windows\SYSTEM32\netutils.dll
0x00007ffba7770000 - 0x00007ffba77d9000 	C:\Windows\system32\mswsock.dll
0x00007ffb8e590000 - 0x00007ffb8e5a2000 	C:\Program Files\Java\jdk1.8.0_202\jre\bin\nio.dll

VM Arguments:
java_command: C:\Users\12175\AppData\Local\Temp\surefire6225470116265927179\surefirebooter3935137965774578136.jar C:\Users\12175\AppData\Local\Temp\surefire6225470116265927179 2024-06-24T16-37-04_770-jvmRun1 surefire1940726565976143404tmp surefire_06827872874709583407tmp
java_class_path (initial): C:\Users\12175\AppData\Local\Temp\surefire6225470116265927179\surefirebooter3935137965774578136.jar
Launcher Type: SUN_STANDARD

Environment Variables:
JAVA_HOME=C:\Program Files\Java\jdk1.8.0_202
PATH=C:\Program Files\Java\jdk1.8.0_202\bin;C:\Program Files (x86)\Common Files\Oracle\Java\javapath;C:\Windows\system32;C:\Windows;C:\Windows\System32\Wbem;C:\Windows\System32\WindowsPowerShell\v1.0\;C:\Windows\System32\OpenSSH\;C:\Program Files (x86)\NVIDIA Corporation\PhysX\Common;C:\Program Files\NVIDIA Corporation\NVIDIA NvDLISR;D:\Software\Bandizip\;D:\Software\MySQL\mysql-8.0.33-winx64\bin;C:\Program Files\Python;C:\Program Files\Git\cmd;C:\Program Files\dotnet\;D:\Software\Nodejs\;D:\Software\Graphviz\bin;D:\Software\gradle-8.2.1-bin\gradle-8.2.1\bin;D:\Software\apache-maven-3.9.6-bin\apache-maven-3.9.6\bin;C:\Program Files\Java\jdk-10.0.1\bin;C:\Users\12175\AppData\Roaming\fnm\node-versions\v18.20.3\installation;;C:\Program Files\Docker\Docker\resources\bin;C:\Program Files\MySQL\MySQL Shell 8.0\bin\;C:\Program Files\Python\Scripts\;C:\Program Files\Python\;C:\Users\12175\AppData\Local\Microsoft\WindowsApps;D:\Software\Microsoft VS Code\bin;C:\Users\12175\AppData\Roaming\npm;D:\Software\Webstorm\WebStorm 2023.3.4\bin;;E:\GoLand\GoLand 2023.3.4\bin;;C:\Program Files\Java\jdk1.8.0_202\bin;D:\Software\apache-maven-3.9.6-bin\apache-maven-3.9.6\bin;C:\Users\12175\AppData\Local\Microsoft\WinGet\Packages\Schniz.fnm_Microsoft.Winget.Source_8wekyb3d8bbwe;
USERNAME=12175
OS=Windows_NT
PROCESSOR_IDENTIFIER=Intel64 Family 6 Model 154 Stepping 3, GenuineIntel



---------------  S Y S T E M  ---------------

OS: Windows 10.0 , 64 bit Build 22621 (10.0.22621.3672)

CPU:total 16 (initial active 16) (8 cores per cpu, 2 threads per core) family 6 model 154 stepping 3, cmov, cx8, fxsr, mmx, sse, sse2, sse3, ssse3, sse4.1, sse4.2, popcnt, avx, avx2, aes, clmul, erms, 3dnowpref, lzcnt, ht, tsc, tscinvbit, bmi1, bmi2, adx

Memory: 4k page, physical 16502664k(2672752k free), swap 29610756k(5176k free)

vm_info: Java HotSpot(TM) 64-Bit Server VM (25.202-b08) for windows-amd64 JRE (1.8.0_202-b08), built on Dec 15 2018 19:54:30 by "java_re" with MS VC++ 10.0 (VS2010)

time: Mon Jun 24 16:37:05 2024
timezone: 中国标准时间
elapsed time: 0 seconds (0d 0h 0m 0s)

