#
# There is insufficient memory for the Java Runtime Environment to continue.
# Native memory allocation (malloc) failed to allocate 32744 bytes for ChunkPool::allocate
# Possible reasons:
#   The system is out of physical RAM or swap space
#   The process is running with CompressedOops enabled, and the Java Heap may be blocking the growth of the native heap
# Possible solutions:
#   Reduce memory load on the system
#   Increase physical memory or swap space
#   Check if swap backing store is full
#   Decrease Java heap size (-Xmx/-Xms)
#   Decrease number of Java threads
#   Decrease Java thread stack sizes (-Xss)
#   Set larger code cache with -XX:ReservedCodeCacheSize=
#   JVM is running with Zero Based Compressed Oops mode in which the Java heap is
#     placed in the first 32GB address space. The Java Heap base address is the
#     maximum limit for the native heap growth. Please use -XX:HeapBaseMinAddress
#     to set the Java Heap base and to place the Java Heap above 32GB virtual address.
# This output file may be truncated or incomplete.
#
#  Out of Memory Error (allocation.cpp:272), pid=34736, tid=0x00000000000033f8
#
# JRE version: Java(TM) SE Runtime Environment (8.0_202-b08) (build 1.8.0_202-b08)
# Java VM: Java HotSpot(TM) 64-Bit Server VM (25.202-b08 mixed mode windows-amd64 compressed oops)
# Failed to write core dump. Minidumps are not enabled by default on client versions of Windows
#

---------------  T H R E A D  ---------------

Current thread (0x000000001e7e7800):  JavaThread "C2 CompilerThread0" daemon [_thread_in_native, id=13304, stack(0x0000000020390000,0x0000000020490000)]

Stack: [0x0000000020390000,0x0000000020490000]
[error occurred during error reporting (printing stack bounds), id 0xc0000005]

Native frames: (J=compiled Java code, j=interpreted, Vv=VM code, C=native code)


Current CompileTask:
C2:   5836 4884       4       org.springframework.boot.context.properties.source.SystemEnvironmentPropertyMapper::hasDashedEntries (37 bytes)


---------------  P R O C E S S  ---------------

Java Threads: ( => current thread )
  0x00000000285e4000 JavaThread "com.alibaba.nacos.client.Worker" daemon [_thread_blocked, id=13416, stack(0x000000002f660000,0x000000002f760000)]
  0x00000000285e3000 JavaThread "com.alibaba.nacos.client.Worker" daemon [_thread_blocked, id=37668, stack(0x000000002f560000,0x000000002f660000)]
  0x00000000285db800 JavaThread "com.alibaba.nacos.client.Worker" daemon [_thread_blocked, id=20116, stack(0x000000002f460000,0x000000002f560000)]
  0x00000000285de000 JavaThread "DubboMetadataReportTimer-thread-1" daemon [_thread_blocked, id=26728, stack(0x000000002f360000,0x000000002f460000)]
  0x00000000285dd000 JavaThread "nacos-grpc-client-executor-localhost-6" daemon [_thread_blocked, id=10672, stack(0x000000002f060000,0x000000002f160000)]
  0x00000000285e2800 JavaThread "nacos-grpc-client-executor-localhost-5" daemon [_thread_blocked, id=33528, stack(0x000000002ef60000,0x000000002f060000)]
  0x00000000285e1800 JavaThread "nacos-grpc-client-executor-localhost-4" daemon [_thread_blocked, id=35328, stack(0x000000002ee60000,0x000000002ef60000)]
  0x00000000285df800 JavaThread "nacos-grpc-client-executor-localhost-3" daemon [_thread_blocked, id=36920, stack(0x000000002dd50000,0x000000002de50000)]
  0x00000000285e1000 JavaThread "nacos-grpc-client-executor-localhost-2" daemon [_thread_blocked, id=21428, stack(0x000000002dc50000,0x000000002dd50000)]
  0x00000000285de800 JavaThread "nacos-grpc-client-executor-localhost-1" daemon [_thread_blocked, id=22712, stack(0x000000002db50000,0x000000002dc50000)]
  0x00000000285e0000 JavaThread "nacos-grpc-client-executor-localhost-0" daemon [_thread_blocked, id=35816, stack(0x000000002ca40000,0x000000002cb40000)]
  0x00000000285d5800 JavaThread "grpc-nio-worker-ELG-1-2" daemon [_thread_in_native, id=37716, stack(0x000000002b830000,0x000000002b930000)]
  0x00000000285db000 JavaThread "grpc-default-executor-0" daemon [_thread_blocked, id=33740, stack(0x000000002b430000,0x000000002b530000)]
  0x00000000285d8000 JavaThread "grpc-nio-worker-ELG-1-1" daemon [_thread_in_native, id=30744, stack(0x000000002b330000,0x000000002b430000)]
  0x00000000285dc800 JavaThread "com.alibaba.nacos.client.remote.worker" daemon [_thread_blocked, id=27528, stack(0x000000002ac30000,0x000000002ad30000)]
  0x00000000285d9800 JavaThread "com.alibaba.nacos.client.remote.worker" daemon [_thread_blocked, id=7248, stack(0x000000002ab30000,0x000000002ac30000)]
  0x00000000285d7000 JavaThread "nacos.publisher-com.alibaba.nacos.common.notify.SlowEvent" daemon [_thread_blocked, id=31980, stack(0x000000002aa30000,0x000000002ab30000)]
  0x00000000285d6800 JavaThread "com.alibaba.nacos.client.Worker" daemon [_thread_blocked, id=6504, stack(0x000000002a930000,0x000000002aa30000)]
  0x00000000285d8800 JavaThread "com.alibaba.nacos.client.Worker" daemon [_thread_blocked, id=15064, stack(0x000000002a830000,0x000000002a930000)]
  0x00000000285da000 JavaThread "com.alibaba.nacos.client.Worker" daemon [_thread_blocked, id=23416, stack(0x000000002a730000,0x000000002a830000)]
  0x000000001e89b000 JavaThread "com.alibaba.nacos.client.auth.ram.identify.watcher.0" daemon [_thread_blocked, id=24356, stack(0x000000002a630000,0x000000002a730000)]
  0x00000000255ac800 JavaThread "Dubbo-global-shared-handler-thread-2" daemon [_thread_blocked, id=34228, stack(0x0000000026520000,0x0000000026620000)]
  0x0000000023cff800 JavaThread "Dubbo-global-shared-handler-thread-1" daemon [_thread_blocked, id=30684, stack(0x0000000026420000,0x0000000026520000)]
  0x000000001eaee800 JavaThread "surefire-forkedjvm-ping-30s" daemon [_thread_in_native, id=12840, stack(0x0000000021b90000,0x0000000021c90000)]
  0x000000001ea4f000 JavaThread "surefire-forkedjvm-command-thread" daemon [_thread_in_native, id=26880, stack(0x0000000021290000,0x0000000021390000)]
  0x000000001e932000 JavaThread "Service Thread" daemon [_thread_blocked, id=20252, stack(0x0000000021090000,0x0000000021190000)]
  0x000000001e89e000 JavaThread "C1 CompilerThread11" daemon [_thread_blocked, id=32868, stack(0x0000000020f90000,0x0000000021090000)]
  0x000000001e89d800 JavaThread "C1 CompilerThread10" daemon [_thread_in_native, id=37268, stack(0x0000000020e90000,0x0000000020f90000)]
  0x000000001e89c000 JavaThread "C1 CompilerThread9" daemon [_thread_blocked, id=16936, stack(0x0000000020c90000,0x0000000020d90000)]
  0x000000001e89f000 JavaThread "C1 CompilerThread8" daemon [_thread_blocked, id=26920, stack(0x0000000020b90000,0x0000000020c90000)]
  0x000000001e887800 JavaThread "C2 CompilerThread7" daemon [_thread_in_native, id=15468, stack(0x0000000020a90000,0x0000000020b90000)]
  0x000000001e863000 JavaThread "C2 CompilerThread6" daemon [_thread_in_native, id=29808, stack(0x0000000020990000,0x0000000020a90000)]
  0x000000001e84f800 JavaThread "C2 CompilerThread5" daemon [_thread_in_native, id=36412, stack(0x0000000020890000,0x0000000020990000)]
  0x000000001e7ed800 JavaThread "C2 CompilerThread4" daemon [_thread_in_native, id=13088, stack(0x0000000020790000,0x0000000020890000)]
  0x000000001e7ec800 JavaThread "C2 CompilerThread3" daemon [_thread_in_native, id=21912, stack(0x0000000020690000,0x0000000020790000)]
  0x000000001e7e9800 JavaThread "C2 CompilerThread2" daemon [_thread_in_native, id=5032, stack(0x0000000020590000,0x0000000020690000)]
  0x000000001e7e9000 JavaThread "C2 CompilerThread1" daemon [_thread_in_native, id=23052, stack(0x0000000020490000,0x0000000020590000)]
=>0x000000001e7e7800 JavaThread "C2 CompilerThread0" daemon [_thread_in_native, id=13304, stack(0x0000000020390000,0x0000000020490000)]
  0x000000001e849000 JavaThread "Attach Listener" daemon [_thread_blocked, id=30404, stack(0x0000000020290000,0x0000000020390000)]
  0x000000001e846000 JavaThread "Signal Dispatcher" daemon [_thread_blocked, id=25620, stack(0x0000000020190000,0x0000000020290000)]
  0x000000001cd54800 JavaThread "Finalizer" daemon [_thread_blocked, id=32472, stack(0x0000000020030000,0x0000000020130000)]
  0x000000001e7c6000 JavaThread "Reference Handler" daemon [_thread_blocked, id=37768, stack(0x000000001ff30000,0x0000000020030000)]
  0x0000000002eb2800 JavaThread "main" [_thread_in_vm, id=8952, stack(0x0000000002db0000,0x0000000002eb0000)]

Other Threads:
  0x000000001e7a4800 VMThread [stack: 0x000000001fe30000,0x000000001ff30000] [id=28056]
  0x000000001e97f800 WatcherThread [stack: 0x0000000021190000,0x0000000021290000] [id=20448]

VM state:not at safepoint (normal execution)

VM Mutex/Monitor currently owned by a thread: None

heap address: 0x00000006c4200000, size: 4030 MB, Compressed Oops mode: Zero based, Oop shift amount: 3
Narrow klass base: 0x0000000000000000, Narrow klass shift: 3
Compressed class space size: 1073741824 Address: 0x00000007c0000000

Heap:
 PSYoungGen      total 330752K, used 32965K [0x000000076c100000, 0x0000000787680000, 0x00000007c0000000)
  eden space 315392K, 10% used [0x000000076c100000,0x000000076e1316e0,0x000000077f500000)
  from space 15360K, 0% used [0x000000077f500000,0x000000077f500000,0x0000000780400000)
  to   space 19456K, 0% used [0x0000000786380000,0x0000000786380000,0x0000000787680000)
 ParOldGen       total 200192K, used 31070K [0x00000006c4200000, 0x00000006d0580000, 0x000000076c100000)
  object space 200192K, 15% used [0x00000006c4200000,0x00000006c6057ad0,0x00000006d0580000)
 Metaspace       used 58413K, capacity 61342K, committed 61480K, reserved 1101824K
  class space    used 7630K, capacity 8159K, committed 8240K, reserved 1048576K

Card table byte_map: [0x0000000012370000,0x0000000012b50000] byte_map_base: 0x000000000ed4f000

Marking Bits: (ParMarkBitMap*) 0x0000000073f25ce0
 Begin Bits: [0x0000000013d90000, 0x0000000017c88000)
 End Bits:   [0x0000000017c88000, 0x000000001bb80000)

Polling page: 0x0000000002cd0000

CodeCache: size=245760Kb used=16790Kb max_used=17406Kb free=228969Kb
 bounds [0x0000000002fb0000, 0x00000000040c0000, 0x0000000011fb0000]
 total_blobs=4828 nmethods=4292 adapters=445
 compilation: enabled

Compilation events (10 events):
Event: 5.810 Thread 0x000000001e89c000 nmethod 4877 0x00000000040b8110 code [0x00000000040b8320, 0x00000000040b8ec8]
Event: 5.810 Thread 0x000000001e89f000 4881       3       org.springframework.boot.context.properties.source.ConfigurationPropertyName$ElementsParser::expand (19 bytes)
Event: 5.810 Thread 0x000000001e89d800 4882       3       org.springframework.boot.context.properties.source.ConfigurationPropertyName$ElementsParser::expand (20 bytes)
Event: 5.810 Thread 0x000000001e89c000 4883       3       org.springframework.boot.context.properties.source.ConfigurationPropertyName$ElementsParser::expand (26 bytes)
Event: 5.811 Thread 0x000000001e89f000 nmethod 4881 0x0000000003ce33d0 code [0x0000000003ce3540, 0x0000000003ce37c8]
Event: 5.811 Thread 0x000000001e89c000 nmethod 4883 0x00000000040b7bd0 code [0x00000000040b7d40, 0x00000000040b8008]
Event: 5.811 Thread 0x000000001e89d800 nmethod 4882 0x00000000040b76d0 code [0x00000000040b7840, 0x00000000040b7ac8]
Event: 5.811 Thread 0x000000001e89e000 nmethod 4876 0x0000000003e1fed0 code [0x0000000003e20240, 0x0000000003e22718]
Event: 5.811 Thread 0x000000001e7e7800 4884       4       org.springframework.boot.context.properties.source.SystemEnvironmentPropertyMapper::hasDashedEntries (37 bytes)
Event: 5.812 Thread 0x000000001e863000 4885       4       org.springframework.boot.context.properties.source.PropertyMapper$$Lambda$312/2033968586::test (12 bytes)

GC Heap History (10 events):
Event: 2.793 GC heap before
{Heap before GC invocations=8 (full 1):
 PSYoungGen      total 214528K, used 61241K [0x000000076c100000, 0x000000077a400000, 0x00000007c0000000)
  eden space 203776K, 24% used [0x000000076c100000,0x000000076f250310,0x0000000778800000)
  from space 10752K, 99% used [0x0000000779980000,0x000000077a3fe198,0x000000077a400000)
  to   space 13824K, 0% used [0x0000000778900000,0x0000000778900000,0x0000000779680000)
 ParOldGen       total 93184K, used 9603K [0x00000006c4200000, 0x00000006c9d00000, 0x000000076c100000)
  object space 93184K, 10% used [0x00000006c4200000,0x00000006c4b60ca8,0x00000006c9d00000)
 Metaspace       used 33173K, capacity 35412K, committed 35496K, reserved 1079296K
  class space    used 4287K, capacity 4710K, committed 4784K, reserved 1048576K
Event: 2.798 GC heap after
Heap after GC invocations=8 (full 1):
 PSYoungGen      total 218624K, used 8562K [0x000000076c100000, 0x0000000781280000, 0x00000007c0000000)
  eden space 204800K, 0% used [0x000000076c100000,0x000000076c100000,0x0000000778900000)
  from space 13824K, 61% used [0x0000000778900000,0x000000077915cb40,0x0000000779680000)
  to   space 12800K, 0% used [0x0000000780600000,0x0000000780600000,0x0000000781280000)
 ParOldGen       total 93184K, used 9611K [0x00000006c4200000, 0x00000006c9d00000, 0x000000076c100000)
  object space 93184K, 10% used [0x00000006c4200000,0x00000006c4b62ca8,0x00000006c9d00000)
 Metaspace       used 33173K, capacity 35412K, committed 35496K, reserved 1079296K
  class space    used 4287K, capacity 4710K, committed 4784K, reserved 1048576K
}
Event: 2.798 GC heap before
{Heap before GC invocations=9 (full 2):
 PSYoungGen      total 218624K, used 8562K [0x000000076c100000, 0x0000000781280000, 0x00000007c0000000)
  eden space 204800K, 0% used [0x000000076c100000,0x000000076c100000,0x0000000778900000)
  from space 13824K, 61% used [0x0000000778900000,0x000000077915cb40,0x0000000779680000)
  to   space 12800K, 0% used [0x0000000780600000,0x0000000780600000,0x0000000781280000)
 ParOldGen       total 93184K, used 9611K [0x00000006c4200000, 0x00000006c9d00000, 0x000000076c100000)
  object space 93184K, 10% used [0x00000006c4200000,0x00000006c4b62ca8,0x00000006c9d00000)
 Metaspace       used 33173K, capacity 35412K, committed 35496K, reserved 1079296K
  class space    used 4287K, capacity 4710K, committed 4784K, reserved 1048576K
Event: 2.823 GC heap after
Heap after GC invocations=9 (full 2):
 PSYoungGen      total 218624K, used 0K [0x000000076c100000, 0x0000000781280000, 0x00000007c0000000)
  eden space 204800K, 0% used [0x000000076c100000,0x000000076c100000,0x0000000778900000)
  from space 13824K, 0% used [0x0000000778900000,0x0000000778900000,0x0000000779680000)
  to   space 12800K, 0% used [0x0000000780600000,0x0000000780600000,0x0000000781280000)
 ParOldGen       total 137216K, used 13610K [0x00000006c4200000, 0x00000006cc800000, 0x000000076c100000)
  object space 137216K, 9% used [0x00000006c4200000,0x00000006c4f4aa48,0x00000006cc800000)
 Metaspace       used 33173K, capacity 35412K, committed 35496K, reserved 1079296K
  class space    used 4287K, capacity 4710K, committed 4784K, reserved 1048576K
}
Event: 4.016 GC heap before
{Heap before GC invocations=10 (full 2):
 PSYoungGen      total 218624K, used 204800K [0x000000076c100000, 0x0000000781280000, 0x00000007c0000000)
  eden space 204800K, 100% used [0x000000076c100000,0x0000000778900000,0x0000000778900000)
  from space 13824K, 0% used [0x0000000778900000,0x0000000778900000,0x0000000779680000)
  to   space 12800K, 0% used [0x0000000780600000,0x0000000780600000,0x0000000781280000)
 ParOldGen       total 137216K, used 13610K [0x00000006c4200000, 0x00000006cc800000, 0x000000076c100000)
  object space 137216K, 9% used [0x00000006c4200000,0x00000006c4f4aa48,0x00000006cc800000)
 Metaspace       used 45181K, capacity 47852K, committed 48168K, reserved 1091584K
  class space    used 5861K, capacity 6352K, committed 6448K, reserved 1048576K
Event: 4.024 GC heap after
Heap after GC invocations=10 (full 2):
 PSYoungGen      total 328192K, used 12781K [0x000000076c100000, 0x0000000781300000, 0x00000007c0000000)
  eden space 315392K, 0% used [0x000000076c100000,0x000000076c100000,0x000000077f500000)
  from space 12800K, 99% used [0x0000000780600000,0x000000078127b590,0x0000000781280000)
  to   space 15360K, 0% used [0x000000077f500000,0x000000077f500000,0x0000000780400000)
 ParOldGen       total 137216K, used 16567K [0x00000006c4200000, 0x00000006cc800000, 0x000000076c100000)
  object space 137216K, 12% used [0x00000006c4200000,0x00000006c522dcb0,0x00000006cc800000)
 Metaspace       used 45181K, capacity 47852K, committed 48168K, reserved 1091584K
  class space    used 5861K, capacity 6352K, committed 6448K, reserved 1048576K
}
Event: 5.547 GC heap before
{Heap before GC invocations=11 (full 2):
 PSYoungGen      total 328192K, used 190141K [0x000000076c100000, 0x0000000781300000, 0x00000007c0000000)
  eden space 315392K, 56% used [0x000000076c100000,0x0000000776e34150,0x000000077f500000)
  from space 12800K, 99% used [0x0000000780600000,0x000000078127b590,0x0000000781280000)
  to   space 15360K, 0% used [0x000000077f500000,0x000000077f500000,0x0000000780400000)
 ParOldGen       total 137216K, used 16567K [0x00000006c4200000, 0x00000006cc800000, 0x000000076c100000)
  object space 137216K, 12% used [0x00000006c4200000,0x00000006c522dcb0,0x00000006cc800000)
 Metaspace       used 56252K, capacity 59052K, committed 59160K, reserved 1101824K
  class space    used 7361K, capacity 7850K, committed 7856K, reserved 1048576K
Event: 5.557 GC heap after
Heap after GC invocations=11 (full 2):
 PSYoungGen      total 330752K, used 15338K [0x000000076c100000, 0x0000000787680000, 0x00000007c0000000)
  eden space 315392K, 0% used [0x000000076c100000,0x000000076c100000,0x000000077f500000)
  from space 15360K, 99% used [0x000000077f500000,0x00000007803fa8a8,0x0000000780400000)
  to   space 19456K, 0% used [0x0000000786380000,0x0000000786380000,0x0000000787680000)
 ParOldGen       total 137216K, used 22099K [0x00000006c4200000, 0x00000006cc800000, 0x000000076c100000)
  object space 137216K, 16% used [0x00000006c4200000,0x00000006c5794fc0,0x00000006cc800000)
 Metaspace       used 56252K, capacity 59052K, committed 59160K, reserved 1101824K
  class space    used 7361K, capacity 7850K, committed 7856K, reserved 1048576K
}
Event: 5.557 GC heap before
{Heap before GC invocations=12 (full 3):
 PSYoungGen      total 330752K, used 15338K [0x000000076c100000, 0x0000000787680000, 0x00000007c0000000)
  eden space 315392K, 0% used [0x000000076c100000,0x000000076c100000,0x000000077f500000)
  from space 15360K, 99% used [0x000000077f500000,0x00000007803fa8a8,0x0000000780400000)
  to   space 19456K, 0% used [0x0000000786380000,0x0000000786380000,0x0000000787680000)
 ParOldGen       total 137216K, used 22099K [0x00000006c4200000, 0x00000006cc800000, 0x000000076c100000)
  object space 137216K, 16% used [0x00000006c4200000,0x00000006c5794fc0,0x00000006cc800000)
 Metaspace       used 56252K, capacity 59052K, committed 59160K, reserved 1101824K
  class space    used 7361K, capacity 7850K, committed 7856K, reserved 1048576K
Event: 5.652 GC heap after
Heap after GC invocations=12 (full 3):
 PSYoungGen      total 330752K, used 0K [0x000000076c100000, 0x0000000787680000, 0x00000007c0000000)
  eden space 315392K, 0% used [0x000000076c100000,0x000000076c100000,0x000000077f500000)
  from space 15360K, 0% used [0x000000077f500000,0x000000077f500000,0x0000000780400000)
  to   space 19456K, 0% used [0x0000000786380000,0x0000000786380000,0x0000000787680000)
 ParOldGen       total 200192K, used 31070K [0x00000006c4200000, 0x00000006d0580000, 0x000000076c100000)
  object space 200192K, 15% used [0x00000006c4200000,0x00000006c6057ad0,0x00000006d0580000)
 Metaspace       used 56252K, capacity 59052K, committed 59160K, reserved 1101824K
  class space    used 7361K, capacity 7850K, committed 7856K, reserved 1048576K
}

Deoptimization events (10 events):
Event: 5.528 Thread 0x0000000002eb2800 Uncommon trap: reason=class_check action=maybe_recompile pc=0x0000000003a91ab8 method=java.util.Collections$UnmodifiableMap$UnmodifiableEntrySet$UnmodifiableEntry.<init>(Ljava/util/Map$Entry;)V @ 9
Event: 5.528 Thread 0x0000000002eb2800 Uncommon trap: reason=class_check action=maybe_recompile pc=0x0000000003a91ab8 method=java.util.Collections$UnmodifiableMap$UnmodifiableEntrySet$UnmodifiableEntry.<init>(Ljava/util/Map$Entry;)V @ 9
Event: 5.537 Thread 0x0000000002eb2800 Uncommon trap: reason=class_check action=maybe_recompile pc=0x0000000003524b8c method=java.util.stream.StreamOpFlag.fromCharacteristics(Ljava/util/Spliterator;)I @ 14
Event: 5.538 Thread 0x0000000002eb2800 Uncommon trap: reason=class_check action=maybe_recompile pc=0x0000000003524b8c method=java.util.stream.StreamOpFlag.fromCharacteristics(Ljava/util/Spliterator;)I @ 14
Event: 5.538 Thread 0x0000000002eb2800 Uncommon trap: reason=class_check action=maybe_recompile pc=0x0000000003524b8c method=java.util.stream.StreamOpFlag.fromCharacteristics(Ljava/util/Spliterator;)I @ 14
Event: 5.708 Thread 0x0000000002eb2800 Uncommon trap: reason=unstable_if action=reinterpret pc=0x0000000003e3e460 method=java.util.WeakHashMap.put(Ljava/lang/Object;Ljava/lang/Object;)Ljava/lang/Object; @ 47
Event: 5.709 Thread 0x0000000002eb2800 Uncommon trap: reason=unstable_if action=reinterpret pc=0x0000000003588974 method=jdk.internal.org.objectweb.asm.Item.isEqualTo(Ljdk/internal/org/objectweb/asm/Item;)Z @ 345
Event: 5.710 Thread 0x0000000002eb2800 Uncommon trap: reason=unstable_if action=reinterpret pc=0x0000000003b37b04 method=java.lang.invoke.MethodType.checkPtypes([Ljava/lang/Class;)I @ 40
Event: 5.710 Thread 0x0000000002eb2800 Uncommon trap: reason=unstable_if action=reinterpret pc=0x0000000004083ac4 method=jdk.internal.org.objectweb.asm.MethodWriter.visitVarInsn(II)V @ 134
Event: 5.764 Thread 0x0000000002eb2800 Uncommon trap: reason=null_check action=make_not_entrant pc=0x0000000003fc90c0 method=java.lang.Class.createAnnotationData(I)Ljava/lang/Class$AnnotationData; @ 14

Classes redefined (0 events):
No events

Internal exceptions (10 events):
Event: 5.737 Thread 0x0000000002eb2800 Exception <a 'java/lang/ClassNotFoundException': com/baomidou/mybatisplus/extension/service/IServiceCustomizer> (0x000000076ce287b8) thrown at [C:\re\workspace\8-2-build-windows-amd64-cygwin\jdk8u202\12323\hotspot\src\share\vm\classfile\systemDictionary.c
Event: 5.738 Thread 0x0000000002eb2800 Exception <a 'java/lang/ClassNotFoundException': java/lang/ObjectCustomizer> (0x000000076ce69268) thrown at [C:\re\workspace\8-2-build-windows-amd64-cygwin\jdk8u202\12323\hotspot\src\share\vm\classfile\systemDictionary.cpp, line 210]
Event: 5.738 Thread 0x0000000002eb2800 Exception <a 'java/lang/ClassNotFoundException': org/springframework/dao/support/DaoSupportCustomizer> (0x000000076ce9ca68) thrown at [C:\re\workspace\8-2-build-windows-amd64-cygwin\jdk8u202\12323\hotspot\src\share\vm\classfile\systemDictionary.cpp, line 
Event: 5.739 Thread 0x0000000002eb2800 Exception <a 'java/lang/ClassNotFoundException': org/mybatis/spring/support/SqlSessionDaoSupportCustomizer> (0x000000076ced07c0) thrown at [C:\re\workspace\8-2-build-windows-amd64-cygwin\jdk8u202\12323\hotspot\src\share\vm\classfile\systemDictionary.cpp, 
Event: 5.739 Thread 0x0000000002eb2800 Exception <a 'java/lang/ClassNotFoundException': org/mybatis/spring/mapper/MapperFactoryBeanCustomizer> (0x000000076cf08b20) thrown at [C:\re\workspace\8-2-build-windows-amd64-cygwin\jdk8u202\12323\hotspot\src\share\vm\classfile\systemDictionary.cpp, line
Event: 5.739 Thread 0x0000000002eb2800 Exception <a 'java/lang/ClassNotFoundException': org/springframework/beans/factory/FactoryBeanCustomizer> (0x000000076cf4acc8) thrown at [C:\re\workspace\8-2-build-windows-amd64-cygwin\jdk8u202\12323\hotspot\src\share\vm\classfile\systemDictionary.cpp, li
Event: 5.740 Thread 0x0000000002eb2800 Exception <a 'java/lang/ClassNotFoundException': org/springframework/beans/factory/InitializingBeanCustomizer> (0x000000076cf84998) thrown at [C:\re\workspace\8-2-build-windows-amd64-cygwin\jdk8u202\12323\hotspot\src\share\vm\classfile\systemDictionary.cp
Event: 5.745 Thread 0x0000000002eb2800 Exception <a 'java/lang/ClassNotFoundException': com/baomidou/mybatisplus/autoconfigure/MybatisPlusPropertiesBeanInfo> (0x000000076d064608) thrown at [C:\re\workspace\8-2-build-windows-amd64-cygwin\jdk8u202\12323\hotspot\src\share\vm\classfile\systemDicti
Event: 5.750 Thread 0x0000000002eb2800 Exception <a 'java/lang/ClassNotFoundException': java/lang/ObjectCustomizer> (0x000000076d0da040) thrown at [C:\re\workspace\8-2-build-windows-amd64-cygwin\jdk8u202\12323\hotspot\src\share\vm\classfile\systemDictionary.cpp, line 210]
Event: 5.751 Thread 0x0000000002eb2800 Exception <a 'java/lang/ClassNotFoundException': org/springframework/boot/context/properties/BoundConfigurationPropertiesCustomizer> (0x000000076d11f008) thrown at [C:\re\workspace\8-2-build-windows-amd64-cygwin\jdk8u202\12323\hotspot\src\share\vm\classfi

Events (10 events):
Event: 5.804 loading class org/apache/ibatis/mapping/SqlSource
Event: 5.804 loading class org/apache/ibatis/mapping/SqlSource done
Event: 5.804 loading class com/baomidou/mybatisplus/core/MybatisConfiguration$StrictMap
Event: 5.804 loading class com/baomidou/mybatisplus/core/MybatisConfiguration$StrictMap done
Event: 5.805 loading class org/apache/ibatis/mapping/MappedStatement
Event: 5.805 loading class org/apache/ibatis/mapping/MappedStatement done
Event: 5.805 loading class org/apache/ibatis/mapping/MappedStatement
Event: 5.805 loading class org/apache/ibatis/mapping/MappedStatement done
Event: 5.805 loading class com/baomidou/mybatisplus/core/MybatisXMLLanguageDriver
Event: 5.805 loading class com/baomidou/mybatisplus/core/MybatisXMLLanguageDriver done


Dynamic libraries:
0x00007ff6891f0000 - 0x00007ff689227000 	C:\Program Files\Java\jdk1.8.0_202\jre\bin\java.exe
0x00007ffbaaef0000 - 0x00007ffbab107000 	C:\Windows\SYSTEM32\ntdll.dll
0x00007ffba98f0000 - 0x00007ffba99b4000 	C:\Windows\System32\KERNEL32.DLL
0x00007ffba84b0000 - 0x00007ffba885c000 	C:\Windows\System32\KERNELBASE.dll
0x00007ffba8c90000 - 0x00007ffba8d42000 	C:\Windows\System32\ADVAPI32.dll
0x00007ffba8d50000 - 0x00007ffba8df7000 	C:\Windows\System32\msvcrt.dll
0x00007ffbaa390000 - 0x00007ffbaa43a000 	C:\Windows\System32\sechost.dll
0x00007ffba8220000 - 0x00007ffba8248000 	C:\Windows\System32\bcrypt.dll
0x00007ffba8fa0000 - 0x00007ffba90b5000 	C:\Windows\System32\RPCRT4.dll
0x00007ffba96e0000 - 0x00007ffba988e000 	C:\Windows\System32\USER32.dll
0x00007ffba8250000 - 0x00007ffba8276000 	C:\Windows\System32\win32u.dll
0x00007ffba8f70000 - 0x00007ffba8f99000 	C:\Windows\System32\GDI32.dll
0x00007ffba8b10000 - 0x00007ffba8c29000 	C:\Windows\System32\gdi32full.dll
0x00007ffba8280000 - 0x00007ffba831a000 	C:\Windows\System32\msvcp_win.dll
0x00007ffba8320000 - 0x00007ffba8431000 	C:\Windows\System32\ucrtbase.dll
0x00007ffb87310000 - 0x00007ffb875a3000 	C:\Windows\WinSxS\amd64_microsoft.windows.common-controls_6595b64144ccf1df_6.0.22621.3672_none_2713b9d173822955\COMCTL32.dll
0x00007ffbaae70000 - 0x00007ffbaaea1000 	C:\Windows\System32\IMM32.DLL
0x0000000073fb0000 - 0x0000000074082000 	C:\Program Files\Java\jdk1.8.0_202\jre\bin\msvcr100.dll
0x0000000073700000 - 0x0000000073fa5000 	C:\Program Files\Java\jdk1.8.0_202\jre\bin\server\jvm.dll
0x00007ffba9f00000 - 0x00007ffba9f08000 	C:\Windows\System32\PSAPI.DLL
0x00007ffba1cc0000 - 0x00007ffba1cc9000 	C:\Windows\SYSTEM32\WSOCK32.dll
0x00007ffb9b190000 - 0x00007ffb9b19a000 	C:\Windows\SYSTEM32\VERSION.dll
0x00007ffba0e50000 - 0x00007ffba0e84000 	C:\Windows\SYSTEM32\WINMM.dll
0x00007ffba8e10000 - 0x00007ffba8e81000 	C:\Windows\System32\WS2_32.dll
0x00007ffb95310000 - 0x00007ffb9531f000 	C:\Program Files\Java\jdk1.8.0_202\jre\bin\verify.dll
0x00007ffb952e0000 - 0x00007ffb95309000 	C:\Program Files\Java\jdk1.8.0_202\jre\bin\java.dll
0x00007ffb952c0000 - 0x00007ffb952d6000 	C:\Program Files\Java\jdk1.8.0_202\jre\bin\zip.dll
0x00007ffbaa610000 - 0x00007ffbaae6c000 	C:\Windows\System32\SHELL32.dll
0x00007ffba6130000 - 0x00007ffba6a27000 	C:\Windows\SYSTEM32\windows.storage.dll
0x00007ffba99e0000 - 0x00007ffba9d68000 	C:\Windows\System32\combase.dll
0x00007ffba5e90000 - 0x00007ffba5fcf000 	C:\Windows\SYSTEM32\wintypes.dll
0x00007ffba9d70000 - 0x00007ffba9e64000 	C:\Windows\System32\SHCORE.dll
0x00007ffba8c30000 - 0x00007ffba8c8e000 	C:\Windows\System32\shlwapi.dll
0x00007ffba8150000 - 0x00007ffba8171000 	C:\Windows\SYSTEM32\profapi.dll
0x00007ffba1090000 - 0x00007ffba109d000 	C:\Program Files\Java\jdk1.8.0_202\jre\bin\management.dll
0x00007ffb952a0000 - 0x00007ffb952ba000 	C:\Program Files\Java\jdk1.8.0_202\jre\bin\net.dll
0x00007ffb949f0000 - 0x00007ffb94be0000 	C:\Windows\SYSTEM32\urlmon.dll
0x00007ffba6cf0000 - 0x00007ffba6cfc000 	C:\Windows\SYSTEM32\netutils.dll
0x00007ffb89f80000 - 0x00007ffb89fa8000 	C:\Windows\SYSTEM32\srvcli.dll
0x00007ffb8a090000 - 0x00007ffb8a34e000 	C:\Windows\SYSTEM32\iertutil.dll
0x00007ffba7770000 - 0x00007ffba77d9000 	C:\Windows\system32\mswsock.dll
0x00007ffb8e590000 - 0x00007ffb8e5a2000 	C:\Program Files\Java\jdk1.8.0_202\jre\bin\nio.dll
0x00007ffb78780000 - 0x00007ffb78797000 	C:\Windows\system32\napinsp.dll
0x00007ffb785c0000 - 0x00007ffb785db000 	C:\Windows\system32\pnrpnsp.dll
0x00007ffba6d30000 - 0x00007ffba6e28000 	C:\Windows\SYSTEM32\DNSAPI.dll
0x00007ffba6d00000 - 0x00007ffba6d2d000 	C:\Windows\SYSTEM32\IPHLPAPI.DLL
0x00007ffba8e00000 - 0x00007ffba8e09000 	C:\Windows\System32\NSI.dll
0x00007ffb78410000 - 0x00007ffb78421000 	C:\Windows\System32\winrnr.dll
0x00007ffb783f0000 - 0x00007ffb78405000 	C:\Windows\system32\wshbth.dll
0x00007ffb782a0000 - 0x00007ffb782c7000 	C:\Windows\system32\nlansp_c.dll
0x00007ffba0c30000 - 0x00007ffba0c3a000 	C:\Windows\System32\rasadhlp.dll
0x00007ffba0dc0000 - 0x00007ffba0e43000 	C:\Windows\System32\fwpuclnt.dll
0x00007ffba1d20000 - 0x00007ffba1d39000 	C:\Windows\SYSTEM32\dhcpcsvc6.DLL
0x00007ffba1c80000 - 0x00007ffba1c9f000 	C:\Windows\SYSTEM32\dhcpcsvc.DLL
0x00007ffba5450000 - 0x00007ffba545d000 	C:\Windows\SYSTEM32\WINNSI.DLL
0x00007ffba79a0000 - 0x00007ffba79bb000 	C:\Windows\SYSTEM32\CRYPTSP.dll
0x00007ffba7260000 - 0x00007ffba7295000 	C:\Windows\system32\rsaenh.dll
0x00007ffba7830000 - 0x00007ffba7858000 	C:\Windows\SYSTEM32\USERENV.dll
0x00007ffba8860000 - 0x00007ffba88db000 	C:\Windows\System32\bcryptprimitives.dll
0x00007ffba79c0000 - 0x00007ffba79cc000 	C:\Windows\SYSTEM32\CRYPTBASE.dll

VM Arguments:
java_command: C:\Users\12175\AppData\Local\Temp\surefire724696464981530921\surefirebooter4859457424637496990.jar C:\Users\12175\AppData\Local\Temp\surefire724696464981530921 2024-06-24T15-42-55_124-jvmRun1 surefire4476900605609611153tmp surefire_07740483321021793083tmp
java_class_path (initial): C:\Users\12175\AppData\Local\Temp\surefire724696464981530921\surefirebooter4859457424637496990.jar
Launcher Type: SUN_STANDARD

Environment Variables:
JAVA_HOME=C:\Program Files\Java\jdk1.8.0_202
PATH=C:\Program Files\Java\jdk1.8.0_202\bin;C:\Program Files (x86)\Common Files\Oracle\Java\javapath;C:\Windows\system32;C:\Windows;C:\Windows\System32\Wbem;C:\Windows\System32\WindowsPowerShell\v1.0\;C:\Windows\System32\OpenSSH\;C:\Program Files (x86)\NVIDIA Corporation\PhysX\Common;C:\Program Files\NVIDIA Corporation\NVIDIA NvDLISR;D:\Software\Bandizip\;D:\Software\MySQL\mysql-8.0.33-winx64\bin;C:\Program Files\Python;C:\Program Files\Git\cmd;C:\Program Files\dotnet\;D:\Software\Nodejs\;D:\Software\Graphviz\bin;D:\Software\gradle-8.2.1-bin\gradle-8.2.1\bin;D:\Software\apache-maven-3.9.6-bin\apache-maven-3.9.6\bin;C:\Program Files\Java\jdk-10.0.1\bin;C:\Users\12175\AppData\Roaming\fnm\node-versions\v18.20.3\installation;;C:\Program Files\Docker\Docker\resources\bin;C:\Program Files\MySQL\MySQL Shell 8.0\bin\;C:\Program Files\Python\Scripts\;C:\Program Files\Python\;C:\Users\12175\AppData\Local\Microsoft\WindowsApps;D:\Software\Microsoft VS Code\bin;C:\Users\12175\AppData\Roaming\npm;D:\Software\Webstorm\WebStorm 2023.3.4\bin;;E:\GoLand\GoLand 2023.3.4\bin;;C:\Program Files\Java\jdk1.8.0_202\bin;D:\Software\apache-maven-3.9.6-bin\apache-maven-3.9.6\bin;C:\Users\12175\AppData\Local\Microsoft\WinGet\Packages\Schniz.fnm_Microsoft.Winget.Source_8wekyb3d8bbwe;
USERNAME=12175
OS=Windows_NT
PROCESSOR_IDENTIFIER=Intel64 Family 6 Model 154 Stepping 3, GenuineIntel



---------------  S Y S T E M  ---------------

OS: Windows 10.0 , 64 bit Build 22621 (10.0.22621.3672)

CPU:total 16 (initial active 16) (8 cores per cpu, 2 threads per core) family 6 model 154 stepping 3, cmov, cx8, fxsr, mmx, sse, sse2, sse3, ssse3, sse4.1, sse4.2, popcnt, avx, avx2, aes, clmul, erms, 3dnowpref, lzcnt, ht, tsc, tscinvbit, bmi1, bmi2, adx

Memory: 4k page, physical 16502664k(557344k free), swap 29610756k(5112k free)

vm_info: Java HotSpot(TM) 64-Bit Server VM (25.202-b08) for windows-amd64 JRE (1.8.0_202-b08), built on Dec 15 2018 19:54:30 by "java_re" with MS VC++ 10.0 (VS2010)

time: Mon Jun 24 15:43:01 2024
timezone: 中国标准时间
elapsed time: 5 seconds (0d 0h 0m 5s)

