#
# There is insufficient memory for the Java Runtime Environment to continue.
# Native memory allocation (malloc) failed to allocate 627056 bytes for Chunk::new
# Possible reasons:
#   The system is out of physical RAM or swap space
#   The process is running with CompressedOops enabled, and the Java Heap may be blocking the growth of the native heap
# Possible solutions:
#   Reduce memory load on the system
#   Increase physical memory or swap space
#   Check if swap backing store is full
#   Decrease Java heap size (-Xmx/-Xms)
#   Decrease number of Java threads
#   Decrease Java thread stack sizes (-Xss)
#   Set larger code cache with -XX:ReservedCodeCacheSize=
#   JVM is running with Zero Based Compressed Oops mode in which the Java heap is
#     placed in the first 32GB address space. The Java Heap base address is the
#     maximum limit for the native heap growth. Please use -XX:HeapBaseMinAddress
#     to set the Java Heap base and to place the Java Heap above 32GB virtual address.
# This output file may be truncated or incomplete.
#
#  Out of Memory Error (allocation.cpp:389), pid=22548, tid=0x0000000000008b88
#
# JRE version: Java(TM) SE Runtime Environment (8.0_202-b08) (build 1.8.0_202-b08)
# Java VM: Java HotSpot(TM) 64-Bit Server VM (25.202-b08 mixed mode windows-amd64 compressed oops)
# Failed to write core dump. Minidumps are not enabled by default on client versions of Windows
#

---------------  T H R E A D  ---------------

Current thread (0x000000001df0a000):  JavaThread "C2 CompilerThread1" daemon [_thread_in_native, id=35720, stack(0x000000001fbf0000,0x000000001fcf0000)]

Stack: [0x000000001fbf0000,0x000000001fcf0000]
[error occurred during error reporting (printing stack bounds), id 0xc0000005]

Native frames: (J=compiled Java code, j=interpreted, Vv=VM code, C=native code)


Current CompileTask:
C2:  16467 10352   !   4       java.net.URLClassLoader$1::run (63 bytes)


---------------  P R O C E S S  ---------------

Java Threads: ( => current thread )
  0x00000000261e6800 JavaThread "grpc-nio-worker-ELG-1-12" daemon [_thread_in_native, id=34060, stack(0x00000000556d0000,0x00000000557d0000)]
  0x00000000261e7800 JavaThread "grpc-nio-worker-ELG-1-11" daemon [_thread_in_native, id=2816, stack(0x0000000051450000,0x0000000051550000)]
  0x00000000261eb000 JavaThread "grpc-nio-worker-ELG-1-10" daemon [_thread_in_native, id=10268, stack(0x0000000055800000,0x0000000055900000)]
  0x0000000022e2b800 JavaThread "grpc-nio-worker-ELG-1-9" daemon [_thread_in_native, id=37272, stack(0x0000000051350000,0x0000000051450000)]
  0x0000000022e2e800 JavaThread "Dubbo-framework-registry-notification-6-thread-1" [_thread_blocked, id=5608, stack(0x0000000051590000,0x0000000051690000)]
  0x0000000022e32000 JavaThread "nacos-grpc-client-executor-localhost-31" daemon [_thread_blocked, id=25236, stack(0x000000004eff0000,0x000000004f0f0000)]
  0x0000000022e31800 JavaThread "nacos-grpc-client-executor-localhost-30" daemon [_thread_blocked, id=36456, stack(0x000000004dee0000,0x000000004dfe0000)]
  0x0000000022e30000 JavaThread "Dubbo-framework-shared-scheduler-thread-2" daemon [_thread_blocked, id=3480, stack(0x000000004dde0000,0x000000004dee0000)]
  0x0000000022e2d800 JavaThread "Dubbo-framework-shared-scheduler-thread-1" daemon [_thread_blocked, id=31640, stack(0x000000004dce0000,0x000000004dde0000)]
  0x0000000022e2d000 JavaThread "nacos-grpc-client-executor-localhost-3" daemon [_thread_blocked, id=3248, stack(0x000000004dbe0000,0x000000004dce0000)]
  0x0000000022e30800 JavaThread "nacos-grpc-client-executor-localhost-29" daemon [_thread_blocked, id=2556, stack(0x000000004dae0000,0x000000004dbe0000)]
  0x0000000022e2c000 JavaThread "Dubbo-framework-registry-notification-4-thread-1" [_thread_blocked, id=25500, stack(0x000000004c9d0000,0x000000004cad0000)]
  0x0000000022e2f000 JavaThread "nacos-grpc-client-executor-localhost-28" daemon [_thread_blocked, id=15880, stack(0x000000004c8d0000,0x000000004c9d0000)]
  0x0000000022e23800 JavaThread "nacos-grpc-client-executor-localhost-27" daemon [_thread_blocked, id=4132, stack(0x000000004c7d0000,0x000000004c8d0000)]
  0x0000000022e29000 JavaThread "nacos-grpc-client-executor-localhost-26" daemon [_thread_blocked, id=33672, stack(0x000000004c6d0000,0x000000004c7d0000)]
  0x0000000022e28000 JavaThread "nacos-grpc-client-executor-localhost-25" daemon [_thread_blocked, id=22176, stack(0x000000004b5c0000,0x000000004b6c0000)]
  0x0000000022e29800 JavaThread "Dubbo-framework-registry-notification-2-thread-1" [_thread_blocked, id=18720, stack(0x00000000492a0000,0x00000000493a0000)]
  0x0000000022e25000 JavaThread "nacos-grpc-client-executor-localhost-24" daemon [_thread_blocked, id=2620, stack(0x00000000491a0000,0x00000000492a0000)]
  0x0000000022e2a800 JavaThread "nacos-grpc-client-executor-localhost-23" daemon [_thread_blocked, id=14400, stack(0x0000000048090000,0x0000000048190000)]
  0x0000000022e24800 JavaThread "nacos-grpc-client-executor-localhost-12" daemon [_thread_blocked, id=33828, stack(0x0000000047f90000,0x0000000048090000)]
  0x0000000022e23000 JavaThread "nacos-grpc-client-executor-localhost-11" daemon [_thread_blocked, id=10500, stack(0x0000000047e90000,0x0000000047f90000)]
  0x0000000022e27800 JavaThread "nacos-grpc-client-executor-localhost-10" daemon [_thread_blocked, id=12756, stack(0x0000000047d90000,0x0000000047e90000)]
  0x0000000022e26000 JavaThread "nacos-grpc-client-executor-localhost-22" daemon [_thread_blocked, id=35260, stack(0x0000000047c90000,0x0000000047d90000)]
  0x00000000339eb000 JavaThread "nacos-grpc-client-executor-localhost-21" daemon [_thread_blocked, id=20884, stack(0x0000000047b90000,0x0000000047c90000)]
  0x00000000339ea000 JavaThread "com.alibaba.nacos.client.naming.updater.7" daemon [_thread_blocked, id=25424, stack(0x0000000047a90000,0x0000000047b90000)]
  0x00000000339ec800 JavaThread "nacos-grpc-client-executor-localhost-20" daemon [_thread_blocked, id=25748, stack(0x0000000047990000,0x0000000047a90000)]
  0x00000000339ee800 JavaThread "nacos-grpc-client-executor-localhost-19" daemon [_thread_blocked, id=33112, stack(0x0000000047890000,0x0000000047990000)]
  0x00000000339ef800 JavaThread "com.alibaba.nacos.client.naming.updater.6" daemon [_thread_blocked, id=28532, stack(0x0000000047790000,0x0000000047890000)]
  0x00000000339ed000 JavaThread "nacos-grpc-client-executor-localhost-18" daemon [_thread_blocked, id=13728, stack(0x0000000047690000,0x0000000047790000)]
  0x00000000339eb800 JavaThread "nacos-grpc-client-executor-localhost-9" daemon [_thread_blocked, id=7288, stack(0x0000000047590000,0x0000000047690000)]
  0x00000000339ee000 JavaThread "nacos-grpc-client-executor-localhost-8" daemon [_thread_blocked, id=22484, stack(0x0000000047490000,0x0000000047590000)]
  0x00000000339e2800 JavaThread "nacos-grpc-client-executor-localhost-7" daemon [_thread_blocked, id=27576, stack(0x0000000047390000,0x0000000047490000)]
  0x00000000339e9800 JavaThread "nacos-grpc-client-executor-localhost-17" daemon [_thread_blocked, id=20864, stack(0x0000000047290000,0x0000000047390000)]
  0x00000000339e1800 JavaThread "nacos-grpc-client-executor-localhost-16" daemon [_thread_blocked, id=14580, stack(0x0000000047190000,0x0000000047290000)]
  0x00000000339e8800 JavaThread "com.alibaba.nacos.client.naming.updater.5" daemon [_thread_blocked, id=26256, stack(0x0000000047090000,0x0000000047190000)]
  0x00000000339e4800 JavaThread "nacos-grpc-client-executor-localhost-15" daemon [_thread_blocked, id=17944, stack(0x0000000046f90000,0x0000000047090000)]
  0x00000000339e1000 JavaThread "nacos-grpc-client-executor-localhost-14" daemon [_thread_blocked, id=16304, stack(0x0000000046e90000,0x0000000046f90000)]
  0x00000000339e8000 JavaThread "com.alibaba.nacos.client.naming.updater.4" daemon [_thread_blocked, id=26948, stack(0x0000000046d90000,0x0000000046e90000)]
  0x00000000339e7000 JavaThread "nacos-grpc-client-executor-localhost-13" daemon [_thread_blocked, id=26572, stack(0x0000000046c90000,0x0000000046d90000)]
  0x00000000339e3000 JavaThread "nacos-grpc-client-executor-localhost-12" daemon [_thread_blocked, id=21972, stack(0x0000000045b80000,0x0000000045c80000)]
  0x00000000339e0000 JavaThread "Dubbo-framework-registry-notification-0-thread-1" [_thread_blocked, id=36032, stack(0x0000000044a60000,0x0000000044b60000)]
  0x00000000339e5800 JavaThread "nacos-grpc-client-executor-localhost-11" daemon [_thread_blocked, id=26564, stack(0x0000000044960000,0x0000000044a60000)]
  0x00000000339e6800 JavaThread "com.alibaba.nacos.client.Worker" daemon [_thread_blocked, id=12712, stack(0x0000000044860000,0x0000000044960000)]
  0x00000000339e4000 JavaThread "nacos-grpc-client-executor-localhost-31" daemon [_thread_blocked, id=28308, stack(0x0000000044760000,0x0000000044860000)]
  0x000000002f792000 JavaThread "nacos-grpc-client-executor-localhost-6" daemon [_thread_blocked, id=29480, stack(0x0000000044660000,0x0000000044760000)]
  0x000000002f792800 JavaThread "nacos-grpc-client-executor-localhost-5" daemon [_thread_blocked, id=31440, stack(0x0000000044560000,0x0000000044660000)]
  0x000000002f791000 JavaThread "nacos-grpc-client-executor-localhost-10" daemon [_thread_blocked, id=18784, stack(0x0000000044460000,0x0000000044560000)]
  0x000000002f790800 JavaThread "com.alibaba.nacos.client.naming.updater.3" daemon [_thread_blocked, id=18048, stack(0x0000000044360000,0x0000000044460000)]
  0x000000002f78f800 JavaThread "nacos-grpc-client-executor-localhost-9" daemon [_thread_blocked, id=35944, stack(0x0000000044260000,0x0000000044360000)]
  0x000000002f788000 JavaThread "nacos-grpc-client-executor-localhost-8" daemon [_thread_blocked, id=3128, stack(0x0000000044160000,0x0000000044260000)]
  0x000000002f78d800 JavaThread "com.alibaba.nacos.client.naming.updater.2" daemon [_thread_blocked, id=23824, stack(0x0000000044060000,0x0000000044160000)]
  0x000000002f78f000 JavaThread "nacos-grpc-client-executor-localhost-7" daemon [_thread_blocked, id=9304, stack(0x0000000043f60000,0x0000000044060000)]
  0x000000002f787800 JavaThread "nacos-grpc-client-executor-localhost-30" daemon [_thread_blocked, id=33628, stack(0x0000000043e60000,0x0000000043f60000)]
  0x000000002f78c800 JavaThread "nacos-grpc-client-executor-localhost-29" daemon [_thread_blocked, id=4420, stack(0x0000000043d60000,0x0000000043e60000)]
  0x000000002f78e000 JavaThread "nacos-grpc-client-executor-localhost-28" daemon [_thread_blocked, id=35800, stack(0x0000000043c60000,0x0000000043d60000)]
  0x000000002f785000 JavaThread "nacos-grpc-client-executor-localhost-27" daemon [_thread_blocked, id=24660, stack(0x0000000043b60000,0x0000000043c60000)]
  0x000000002f78c000 JavaThread "nacos-grpc-client-executor-localhost-26" daemon [_thread_blocked, id=10688, stack(0x0000000043a60000,0x0000000043b60000)]
  0x000000002f784800 JavaThread "nacos-grpc-client-executor-localhost-25" daemon [_thread_blocked, id=24568, stack(0x0000000043960000,0x0000000043a60000)]
  0x000000002f78b000 JavaThread "nacos-grpc-client-executor-localhost-24" daemon [_thread_blocked, id=21196, stack(0x0000000043860000,0x0000000043960000)]
  0x000000002f789800 JavaThread "nacos-grpc-client-executor-localhost-4" daemon [_thread_blocked, id=37660, stack(0x0000000043760000,0x0000000043860000)]
  0x000000002f789000 JavaThread "nacos-grpc-client-executor-localhost-3" daemon [_thread_blocked, id=6520, stack(0x0000000043660000,0x0000000043760000)]
  0x000000002f786800 JavaThread "nacos-grpc-client-executor-localhost-2" daemon [_thread_blocked, id=12952, stack(0x0000000042550000,0x0000000042650000)]
  0x000000002f783800 JavaThread "nacos-grpc-client-executor-localhost-1" daemon [_thread_blocked, id=25764, stack(0x0000000042450000,0x0000000042550000)]
  0x000000002f78a800 JavaThread "nacos-grpc-client-executor-localhost-0" daemon [_thread_blocked, id=35712, stack(0x0000000041340000,0x0000000041440000)]
  0x000000002f786000 JavaThread "grpc-nio-worker-ELG-1-8" daemon [_thread_in_native, id=12672, stack(0x0000000040230000,0x0000000040330000)]
  0x0000000028733800 JavaThread "grpc-nio-worker-ELG-1-7" daemon [_thread_in_native, id=30804, stack(0x0000000040130000,0x0000000040230000)]
  0x0000000029281800 JavaThread "com.alibaba.nacos.client.remote.worker" daemon [_thread_blocked, id=34492, stack(0x0000000040030000,0x0000000040130000)]
  0x0000000029280800 JavaThread "com.alibaba.nacos.client.remote.worker" daemon [_thread_blocked, id=14968, stack(0x000000003ff30000,0x0000000040030000)]
  0x0000000029280000 JavaThread "DubboSaveMetadataReport-thread-1" daemon [_thread_blocked, id=6844, stack(0x000000003fe30000,0x000000003ff30000)]
  0x000000002927f000 JavaThread "nacos-grpc-client-executor-localhost-6" daemon [_thread_blocked, id=17544, stack(0x000000003fd30000,0x000000003fe30000)]
  0x000000002927e800 JavaThread "com.alibaba.nacos.client.naming.updater.1" daemon [_thread_blocked, id=35492, stack(0x000000003fc30000,0x000000003fd30000)]
  0x000000002927d800 JavaThread "nacos-grpc-client-executor-localhost-5" daemon [_thread_blocked, id=12812, stack(0x000000003fb30000,0x000000003fc30000)]
  0x000000002927d000 JavaThread "nacos-grpc-client-executor-localhost-4" daemon [_thread_blocked, id=36136, stack(0x000000003fa30000,0x000000003fb30000)]
  0x0000000029275800 JavaThread "com.alibaba.nacos.client.naming.updater.0" daemon [_thread_blocked, id=34792, stack(0x000000003f930000,0x000000003fa30000)]
  0x000000002927c000 JavaThread "nacos-grpc-client-executor-localhost-3" daemon [_thread_blocked, id=30484, stack(0x000000003f830000,0x000000003f930000)]
  0x000000002927b800 JavaThread "nacos-grpc-client-executor-localhost-2" daemon [_thread_blocked, id=17124, stack(0x000000003f730000,0x000000003f830000)]
  0x000000002927a800 JavaThread "nacos-grpc-client-executor-localhost-1" daemon [_thread_blocked, id=35452, stack(0x000000003f430000,0x000000003f530000)]
  0x0000000029277000 JavaThread "nacos-grpc-client-executor-localhost-0" daemon [_thread_blocked, id=17824, stack(0x000000003e320000,0x000000003e420000)]
  0x0000000029278800 JavaThread "grpc-nio-worker-ELG-1-6" daemon [_thread_in_native, id=16620, stack(0x000000003d210000,0x000000003d310000)]
  0x0000000029274800 JavaThread "grpc-nio-worker-ELG-1-5" daemon [_thread_in_native, id=5624, stack(0x000000003d110000,0x000000003d210000)]
  0x0000000029277800 JavaThread "com.alibaba.nacos.client.remote.worker" daemon [_thread_blocked, id=11980, stack(0x000000003d010000,0x000000003d110000)]
  0x0000000029274000 JavaThread "com.alibaba.nacos.client.remote.worker" daemon [_thread_blocked, id=15480, stack(0x000000003cf10000,0x000000003d010000)]
  0x0000000029273000 JavaThread "com.alibaba.nacos.client.naming.grpc.redo.0" daemon [_thread_blocked, id=26236, stack(0x000000003ce10000,0x000000003cf10000)]
  0x0000000029276000 JavaThread "com.alibaba.nacos.naming.push.receiver" daemon [_thread_in_native, id=14956, stack(0x000000003cd10000,0x000000003ce10000)]
  0x000000002927a000 JavaThread "com.alibaba.nacos.client.naming.security" daemon [_thread_blocked, id=22236, stack(0x000000003cc10000,0x000000003cd10000)]
  0x0000000029279000 JavaThread "com.alibaba.nacos.naming.failover" daemon [_thread_blocked, id=24224, stack(0x000000003cb10000,0x000000003cc10000)]
  0x0000000029272800 JavaThread "nacos-grpc-client-executor-localhost-23" daemon [_thread_blocked, id=34716, stack(0x000000003ca10000,0x000000003cb10000)]
  0x000000003497e000 JavaThread "nacos-grpc-client-executor-localhost-22" daemon [_thread_blocked, id=17324, stack(0x000000003c910000,0x000000003ca10000)]
  0x000000003497d000 JavaThread "nacos-grpc-client-executor-localhost-21" daemon [_thread_blocked, id=19464, stack(0x000000003c810000,0x000000003c910000)]
  0x000000003497b800 JavaThread "nacos-grpc-client-executor-localhost-20" daemon [_thread_blocked, id=30392, stack(0x000000003c710000,0x000000003c810000)]
  0x000000003497a000 JavaThread "nacos-grpc-client-executor-localhost-19" daemon [_thread_blocked, id=25932, stack(0x000000003c610000,0x000000003c710000)]
  0x0000000034979800 JavaThread "nacos-grpc-client-executor-localhost-2" daemon [_thread_blocked, id=7208, stack(0x000000003c510000,0x000000003c610000)]
  0x0000000034978800 JavaThread "nacos-grpc-client-executor-localhost-1" daemon [_thread_blocked, id=22544, stack(0x000000003c410000,0x000000003c510000)]
  0x000000003497f800 JavaThread "nacos-grpc-client-executor-localhost-0" daemon [_thread_blocked, id=31764, stack(0x000000003b300000,0x000000003b400000)]
  0x000000003497b000 JavaThread "grpc-nio-worker-ELG-1-4" daemon [_thread_in_native, id=13400, stack(0x000000003a1f0000,0x000000003a2f0000)]
  0x000000003497c800 JavaThread "grpc-nio-worker-ELG-1-3" daemon [_thread_in_native, id=9052, stack(0x000000003a0f0000,0x000000003a1f0000)]
  0x000000003497e800 JavaThread "com.alibaba.nacos.client.remote.worker" daemon [_thread_blocked, id=1696, stack(0x0000000039ff0000,0x000000003a0f0000)]
  0x0000000034978000 JavaThread "com.alibaba.nacos.client.remote.worker" daemon [_thread_blocked, id=26380, stack(0x0000000039ef0000,0x0000000039ff0000)]
  0x0000000034970800 JavaThread "com.alibaba.nacos.client.naming.grpc.redo.0" daemon [_thread_blocked, id=35016, stack(0x0000000039df0000,0x0000000039ef0000)]
  0x0000000034973800 JavaThread "com.alibaba.nacos.naming.push.receiver" daemon [_thread_in_native, id=25420, stack(0x0000000039cf0000,0x0000000039df0000)]
  0x0000000034972800 JavaThread "com.alibaba.nacos.client.naming.security" daemon [_thread_blocked, id=13296, stack(0x0000000039bf0000,0x0000000039cf0000)]
  0x0000000034975000 JavaThread "com.alibaba.nacos.naming.failover" daemon [_thread_blocked, id=20364, stack(0x0000000039af0000,0x0000000039bf0000)]
  0x0000000034977000 JavaThread "nacos.publisher-com.alibaba.nacos.client.naming.event.InstancesChangeEvent" daemon [_thread_blocked, id=30868, stack(0x00000000399f0000,0x0000000039af0000)]
  0x0000000034971000 JavaThread "Dubbo-framework-cache-refreshing-scheduler-thread-1" daemon [_thread_blocked, id=21952, stack(0x00000000398f0000,0x00000000399f0000)]
  0x0000000034972000 JavaThread "NettyServerBoss-7-1" daemon [_thread_in_native, id=10916, stack(0x00000000397f0000,0x00000000398f0000)]
  0x0000000034976800 JavaThread "nacos-grpc-client-executor-localhost-18" daemon [_thread_blocked, id=34960, stack(0x00000000396f0000,0x00000000397f0000)]
  0x0000000034974000 JavaThread "nacos-grpc-client-executor-localhost-17" daemon [_thread_blocked, id=18856, stack(0x00000000395f0000,0x00000000396f0000)]
  0x0000000034975800 JavaThread "nacos-grpc-client-executor-localhost-16" daemon [_thread_blocked, id=18316, stack(0x00000000394f0000,0x00000000395f0000)]
  0x000000002873c000 JavaThread "nacos-grpc-client-executor-localhost-15" daemon [_thread_blocked, id=36784, stack(0x00000000393f0000,0x00000000394f0000)]
  0x0000000028742000 JavaThread "nacos-grpc-client-executor-localhost-14" daemon [_thread_blocked, id=21548, stack(0x0000000037cc0000,0x0000000037dc0000)]
  0x0000000028741000 JavaThread "nacos-grpc-client-executor-localhost-13" daemon [_thread_blocked, id=30100, stack(0x0000000037bc0000,0x0000000037cc0000)]
  0x000000002873f800 JavaThread "nacos-grpc-client-executor-localhost-12" daemon [_thread_blocked, id=24076, stack(0x0000000037520000,0x0000000037620000)]
  0x0000000028742800 JavaThread "qos-boss-5-1" daemon [_thread_in_native, id=14620, stack(0x0000000037420000,0x0000000037520000)]
  0x000000002873f000 JavaThread "nacos-grpc-client-executor-localhost-11" daemon [_thread_blocked, id=8328, stack(0x00000000380e0000,0x00000000381e0000)]
  0x0000000028740800 JavaThread "nacos-grpc-client-executor-localhost-10" daemon [_thread_blocked, id=35464, stack(0x0000000037320000,0x0000000037420000)]
  0x000000002873c800 JavaThread "pool-3-thread-1" [_thread_blocked, id=15192, stack(0x0000000037dd0000,0x0000000037ed0000)]
  0x000000002873d800 JavaThread "lettuce-eventExecutorLoop-1-3" daemon [_thread_blocked, id=1428, stack(0x0000000037fe0000,0x00000000380e0000)]
  0x000000002873b000 JavaThread "lettuce-eventExecutorLoop-1-2" daemon [_thread_blocked, id=7796, stack(0x0000000037ee0000,0x0000000037fe0000)]
  0x000000002873e000 JavaThread "lettuce-nioEventLoop-4-2" daemon [_thread_in_native, id=14536, stack(0x00000000376b0000,0x00000000377b0000)]
  0x000000002873a800 JavaThread "lettuce-eventExecutorLoop-1-1" daemon [_thread_blocked, id=36024, stack(0x0000000034250000,0x0000000034350000)]
  0x0000000028734800 JavaThread "lettuce-nioEventLoop-4-1" daemon [_thread_in_native, id=23164, stack(0x00000000330a0000,0x00000000331a0000)]
  0x0000000028739800 JavaThread "com.alibaba.nacos.client.Worker" daemon [_thread_blocked, id=24524, stack(0x0000000032fa0000,0x00000000330a0000)]
  0x0000000028739000 JavaThread "lettuce-timer-3-1" daemon [_thread_blocked, id=35120, stack(0x0000000032ca0000,0x0000000032da0000)]
  0x0000000028737800 JavaThread "Thread-15" daemon [_thread_in_native, id=34856, stack(0x0000000030600000,0x0000000030700000)]
  0x0000000028736800 JavaThread "com.alibaba.nacos.client.Worker" daemon [_thread_blocked, id=23732, stack(0x0000000036810000,0x0000000036910000)]
  0x000000001df8e000 JavaThread "mysql-cj-abandoned-connection-cleanup" daemon [_thread_blocked, id=16580, stack(0x000000002f530000,0x000000002f630000)]
  0x0000000026289000 JavaThread "com.alibaba.nacos.client.Worker" daemon [_thread_blocked, id=34388, stack(0x000000002f230000,0x000000002f330000)]
  0x000000002628b800 JavaThread "com.alibaba.nacos.client.Worker" daemon [_thread_blocked, id=32176, stack(0x000000002f130000,0x000000002f230000)]
  0x000000002628a800 JavaThread "com.alibaba.nacos.client.Worker" daemon [_thread_blocked, id=21472, stack(0x000000002f030000,0x000000002f130000)]
  0x0000000026288800 JavaThread "DubboMetadataReportTimer-thread-1" daemon [_thread_blocked, id=4444, stack(0x000000002ef30000,0x000000002f030000)]
  0x0000000026287000 JavaThread "nacos-grpc-client-executor-localhost-9" daemon [_thread_blocked, id=37196, stack(0x000000002ec30000,0x000000002ed30000)]
  0x000000002628a000 JavaThread "nacos-grpc-client-executor-localhost-8" daemon [_thread_blocked, id=25972, stack(0x000000002eb30000,0x000000002ec30000)]
  0x000000002627f800 JavaThread "nacos-grpc-client-executor-localhost-7" daemon [_thread_blocked, id=7948, stack(0x000000002ea30000,0x000000002eb30000)]
  0x0000000026286000 JavaThread "nacos-grpc-client-executor-localhost-6" daemon [_thread_blocked, id=36852, stack(0x000000002e930000,0x000000002ea30000)]
  0x0000000026285800 JavaThread "nacos-grpc-client-executor-localhost-5" daemon [_thread_blocked, id=11684, stack(0x000000002e830000,0x000000002e930000)]
  0x0000000026284800 JavaThread "nacos-grpc-client-executor-localhost-4" daemon [_thread_blocked, id=15600, stack(0x000000002d720000,0x000000002d820000)]
  0x0000000026284000 JavaThread "nacos-grpc-client-executor-localhost-3" daemon [_thread_blocked, id=17120, stack(0x000000002d620000,0x000000002d720000)]
  0x000000002627e800 JavaThread "nacos-grpc-client-executor-localhost-2" daemon [_thread_blocked, id=36084, stack(0x000000002d520000,0x000000002d620000)]
  0x0000000026281000 JavaThread "nacos-grpc-client-executor-localhost-1" daemon [_thread_blocked, id=16280, stack(0x000000002d420000,0x000000002d520000)]
  0x0000000026280000 JavaThread "nacos-grpc-client-executor-localhost-0" daemon [_thread_blocked, id=11348, stack(0x000000002c310000,0x000000002c410000)]
  0x000000002627c800 JavaThread "grpc-nio-worker-ELG-1-2" daemon [_thread_in_native, id=37456, stack(0x000000002b100000,0x000000002b200000)]
  0x000000002627e000 JavaThread "grpc-default-executor-0" daemon [_thread_blocked, id=33900, stack(0x000000002ad00000,0x000000002ae00000)]
  0x000000002627d000 JavaThread "grpc-nio-worker-ELG-1-1" daemon [_thread_in_native, id=26344, stack(0x000000002a930000,0x000000002aa30000)]
  0x0000000026283000 JavaThread "com.alibaba.nacos.client.remote.worker" daemon [_thread_blocked, id=16488, stack(0x000000002a430000,0x000000002a530000)]
  0x0000000026281800 JavaThread "com.alibaba.nacos.client.remote.worker" daemon [_thread_blocked, id=24860, stack(0x000000002a330000,0x000000002a430000)]
  0x0000000026282800 JavaThread "nacos.publisher-com.alibaba.nacos.common.notify.SlowEvent" daemon [_thread_blocked, id=24012, stack(0x000000002a230000,0x000000002a330000)]
  0x000000001df8c800 JavaThread "com.alibaba.nacos.client.Worker" daemon [_thread_blocked, id=24152, stack(0x000000002a130000,0x000000002a230000)]
  0x000000001df89800 JavaThread "com.alibaba.nacos.client.Worker" daemon [_thread_blocked, id=17372, stack(0x000000002a030000,0x000000002a130000)]
  0x000000001df88800 JavaThread "com.alibaba.nacos.client.Worker" daemon [_thread_blocked, id=36800, stack(0x0000000029880000,0x0000000029980000)]
  0x000000001df88000 JavaThread "com.alibaba.nacos.client.auth.ram.identify.watcher.0" daemon [_thread_blocked, id=23252, stack(0x0000000029540000,0x0000000029640000)]
  0x0000000023125000 JavaThread "Dubbo-global-shared-handler-thread-2" daemon [_thread_blocked, id=23136, stack(0x0000000025cd0000,0x0000000025dd0000)]
  0x0000000023467800 JavaThread "Dubbo-global-shared-handler-thread-1" daemon [_thread_blocked, id=29564, stack(0x0000000025bd0000,0x0000000025cd0000)]
  0x0000000020b32800 JavaThread "surefire-forkedjvm-ping-30s" daemon [_thread_blocked, id=15876, stack(0x00000000212f0000,0x00000000213f0000)]
  0x000000001e179000 JavaThread "surefire-forkedjvm-command-thread" daemon [_thread_in_native, id=33668, stack(0x00000000209f0000,0x0000000020af0000)]
  0x000000001e020000 JavaThread "Service Thread" daemon [_thread_blocked, id=32100, stack(0x00000000207f0000,0x00000000208f0000)]
  0x000000001df8a000 JavaThread "C1 CompilerThread11" daemon [_thread_blocked, id=11276, stack(0x00000000205f0000,0x00000000206f0000)]
  0x000000001df85800 JavaThread "C1 CompilerThread10" daemon [_thread_blocked, id=18756, stack(0x00000000204f0000,0x00000000205f0000)]
  0x000000001df7c800 JavaThread "C1 CompilerThread9" daemon [_thread_blocked, id=7452, stack(0x00000000203f0000,0x00000000204f0000)]
  0x000000001df7b800 JavaThread "C1 CompilerThread8" daemon [_thread_blocked, id=10892, stack(0x00000000202f0000,0x00000000203f0000)]
  0x000000001df78800 JavaThread "C2 CompilerThread7" daemon [_thread_blocked, id=9148, stack(0x00000000201f0000,0x00000000202f0000)]
  0x000000001df71800 JavaThread "C2 CompilerThread6" daemon [_thread_blocked, id=33928, stack(0x00000000200f0000,0x00000000201f0000)]
  0x000000001df6d800 JavaThread "C2 CompilerThread5" daemon [_thread_blocked, id=16856, stack(0x000000001fff0000,0x00000000200f0000)]
  0x000000001df6a800 JavaThread "C2 CompilerThread4" daemon [_thread_blocked, id=13612, stack(0x000000001fef0000,0x000000001fff0000)]
  0x000000001df6a000 JavaThread "C2 CompilerThread3" daemon [_thread_blocked, id=22812, stack(0x000000001fdf0000,0x000000001fef0000)]
  0x000000001df67000 JavaThread "C2 CompilerThread2" daemon [_thread_in_native, id=33140, stack(0x000000001fcf0000,0x000000001fdf0000)]
=>0x000000001df0a000 JavaThread "C2 CompilerThread1" daemon [_thread_in_native, id=35720, stack(0x000000001fbf0000,0x000000001fcf0000)]
  0x000000001df09000 JavaThread "C2 CompilerThread0" daemon [_thread_blocked, id=20740, stack(0x000000001faf0000,0x000000001fbf0000)]
  0x000000001df61000 JavaThread "Attach Listener" daemon [_thread_blocked, id=30876, stack(0x000000001f9f0000,0x000000001faf0000)]
  0x000000001df5e000 JavaThread "Signal Dispatcher" daemon [_thread_blocked, id=20212, stack(0x000000001f8f0000,0x000000001f9f0000)]
  0x000000001dee6800 JavaThread "Finalizer" daemon [_thread_blocked, id=6572, stack(0x000000001f740000,0x000000001f840000)]
  0x000000001c48d800 JavaThread "Reference Handler" daemon [_thread_blocked, id=19408, stack(0x000000001f640000,0x000000001f740000)]
  0x00000000025f2800 JavaThread "main" [_thread_in_vm, id=21032, stack(0x00000000024f0000,0x00000000025f0000)]

Other Threads:
  0x000000001dec5800 VMThread [stack: 0x000000001f540000,0x000000001f640000] [id=22624]
  0x000000001e0a5000 WatcherThread [stack: 0x00000000208f0000,0x00000000209f0000] [id=22196]

VM state:not at safepoint (normal execution)

VM Mutex/Monitor currently owned by a thread: None

OutOfMemory and StackOverflow Exception counts:
OutOfMemoryError java_heap_errors=10

heap address: 0x00000006c4200000, size: 4030 MB, Compressed Oops mode: Zero based, Oop shift amount: 3
Narrow klass base: 0x0000000000000000, Narrow klass shift: 3
Compressed class space size: 1073741824 Address: 0x00000007c0000000

Heap:
 PSYoungGen      total 432640K, used 90240K [0x000000076c100000, 0x0000000789980000, 0x00000007c0000000)
  eden space 410112K, 16% used [0x000000076c100000,0x0000000770326e28,0x0000000785180000)
  from space 22528K, 99% used [0x0000000786e80000,0x0000000788479458,0x0000000788480000)
  to   space 29696K, 0% used [0x0000000785180000,0x0000000785180000,0x0000000786e80000)
 ParOldGen       total 217088K, used 46640K [0x00000006c4200000, 0x00000006d1600000, 0x000000076c100000)
  object space 217088K, 21% used [0x00000006c4200000,0x00000006c6f8c128,0x00000006d1600000)
 Metaspace       used 87401K, capacity 94026K, committed 94104K, reserved 1130496K
  class space    used 11344K, capacity 12439K, committed 12440K, reserved 1048576K

Card table byte_map: [0x0000000011ab0000,0x0000000012290000] byte_map_base: 0x000000000e48f000

Marking Bits: (ParMarkBitMap*) 0x0000000073f25ce0
 Begin Bits: [0x00000000134d0000, 0x00000000173c8000)
 End Bits:   [0x00000000173c8000, 0x000000001b2c0000)

Polling page: 0x00000000023e0000

CodeCache: size=245760Kb used=34046Kb max_used=34059Kb free=211713Kb
 bounds [0x00000000026f0000, 0x0000000004860000, 0x00000000116f0000]
 total_blobs=9465 nmethods=8828 adapters=544
 compilation: enabled

Compilation events (10 events):
Event: 16.437 Thread 0x000000001df8a000 10421       3       java.util.Properties::loadConvert (505 bytes)
Event: 16.437 Thread 0x000000001df85800 nmethod 10420 0x0000000004842150 code [0x0000000004842340, 0x0000000004842d18]
Event: 16.438 Thread 0x000000001df8a000 nmethod 10421 0x0000000004841010 code [0x0000000004841200, 0x0000000004841b18]
Event: 16.438 Thread 0x000000001df78800 10422       4       java.util.Properties::loadConvert (505 bytes)
Event: 16.438 Thread 0x000000001df71800 10423 %     4       java.util.Properties::load0 @ 30 (250 bytes)
Event: 16.441 Thread 0x000000001df6d800 nmethod 10417 0x0000000004857450 code [0x00000000048576e0, 0x00000000048595c0]
Event: 16.441 Thread 0x000000001df7b800 10424       3       sun.misc.FDBigInteger::size (10 bytes)
Event: 16.441 Thread 0x000000001df7b800 nmethod 10424 0x0000000003ba4410 code [0x0000000003ba4560, 0x0000000003ba46b0]
Event: 16.445 Thread 0x000000001df78800 nmethod 10422 0x0000000004854510 code [0x0000000004854680, 0x0000000004854f38]
Event: 16.448 Thread 0x000000001df71800 nmethod 10423% 0x0000000004847290 code [0x0000000004847420, 0x0000000004847c10]

GC Heap History (10 events):
Event: 7.058 GC heap before
{Heap before GC invocations=11 (full 2):
 PSYoungGen      total 302592K, used 203061K [0x000000076c100000, 0x000000077ff80000, 0x00000007c0000000)
  eden space 289280K, 65% used [0x000000076c100000,0x0000000777a50cf0,0x000000077db80000)
  from space 13312K, 99% used [0x000000077ea80000,0x000000077f77c900,0x000000077f780000)
  to   space 15360K, 0% used [0x000000077db80000,0x000000077db80000,0x000000077ea80000)
 ParOldGen       total 148480K, used 15318K [0x00000006c4200000, 0x00000006cd300000, 0x000000076c100000)
  object space 148480K, 10% used [0x00000006c4200000,0x00000006c50f59d8,0x00000006cd300000)
 Metaspace       used 56218K, capacity 58980K, committed 59160K, reserved 1099776K
  class space    used 7362K, capacity 7850K, committed 7960K, reserved 1048576K
Event: 7.068 GC heap after
Heap after GC invocations=11 (full 2):
 PSYoungGen      total 304640K, used 15331K [0x000000076c100000, 0x0000000784e80000, 0x00000007c0000000)
  eden space 289280K, 0% used [0x000000076c100000,0x000000076c100000,0x000000077db80000)
  from space 15360K, 99% used [0x000000077db80000,0x000000077ea78d18,0x000000077ea80000)
  to   space 19456K, 0% used [0x0000000783b80000,0x0000000783b80000,0x0000000784e80000)
 ParOldGen       total 148480K, used 21477K [0x00000006c4200000, 0x00000006cd300000, 0x000000076c100000)
  object space 148480K, 14% used [0x00000006c4200000,0x00000006c56f9570,0x00000006cd300000)
 Metaspace       used 56218K, capacity 58980K, committed 59160K, reserved 1099776K
  class space    used 7362K, capacity 7850K, committed 7960K, reserved 1048576K
}
Event: 7.068 GC heap before
{Heap before GC invocations=12 (full 3):
 PSYoungGen      total 304640K, used 15331K [0x000000076c100000, 0x0000000784e80000, 0x00000007c0000000)
  eden space 289280K, 0% used [0x000000076c100000,0x000000076c100000,0x000000077db80000)
  from space 15360K, 99% used [0x000000077db80000,0x000000077ea78d18,0x000000077ea80000)
  to   space 19456K, 0% used [0x0000000783b80000,0x0000000783b80000,0x0000000784e80000)
 ParOldGen       total 148480K, used 21477K [0x00000006c4200000, 0x00000006cd300000, 0x000000076c100000)
  object space 148480K, 14% used [0x00000006c4200000,0x00000006c56f9570,0x00000006cd300000)
 Metaspace       used 56218K, capacity 58980K, committed 59160K, reserved 1099776K
  class space    used 7362K, capacity 7850K, committed 7960K, reserved 1048576K
Event: 7.180 GC heap after
Heap after GC invocations=12 (full 3):
 PSYoungGen      total 304640K, used 0K [0x000000076c100000, 0x0000000784e80000, 0x00000007c0000000)
  eden space 289280K, 0% used [0x000000076c100000,0x000000076c100000,0x000000077db80000)
  from space 15360K, 0% used [0x000000077db80000,0x000000077db80000,0x000000077ea80000)
  to   space 19456K, 0% used [0x0000000783b80000,0x0000000783b80000,0x0000000784e80000)
 ParOldGen       total 217088K, used 31563K [0x00000006c4200000, 0x00000006d1600000, 0x000000076c100000)
  object space 217088K, 14% used [0x00000006c4200000,0x00000006c60d2d00,0x00000006d1600000)
 Metaspace       used 56218K, capacity 58980K, committed 59160K, reserved 1099776K
  class space    used 7362K, capacity 7850K, committed 7960K, reserved 1048576K
}
Event: 9.771 GC heap before
{Heap before GC invocations=13 (full 3):
 PSYoungGen      total 304640K, used 289280K [0x000000076c100000, 0x0000000784e80000, 0x00000007c0000000)
  eden space 289280K, 100% used [0x000000076c100000,0x000000077db80000,0x000000077db80000)
  from space 15360K, 0% used [0x000000077db80000,0x000000077db80000,0x000000077ea80000)
  to   space 19456K, 0% used [0x0000000783b80000,0x0000000783b80000,0x0000000784e80000)
 ParOldGen       total 217088K, used 31563K [0x00000006c4200000, 0x00000006d1600000, 0x000000076c100000)
  object space 217088K, 14% used [0x00000006c4200000,0x00000006c60d2d00,0x00000006d1600000)
 Metaspace       used 63917K, capacity 67372K, committed 67608K, reserved 1107968K
  class space    used 8261K, capacity 8872K, committed 8984K, reserved 1048576K
Event: 9.782 GC heap after
Heap after GC invocations=13 (full 3):
 PSYoungGen      total 361984K, used 10936K [0x000000076c100000, 0x0000000784680000, 0x00000007c0000000)
  eden space 350720K, 0% used [0x000000076c100000,0x000000076c100000,0x0000000781780000)
  from space 11264K, 97% used [0x0000000783b80000,0x000000078462e0f0,0x0000000784680000)
  to   space 18944K, 0% used [0x0000000782180000,0x0000000782180000,0x0000000783400000)
 ParOldGen       total 217088K, used 31571K [0x00000006c4200000, 0x00000006d1600000, 0x000000076c100000)
  object space 217088K, 14% used [0x00000006c4200000,0x00000006c60d4d00,0x00000006d1600000)
 Metaspace       used 63917K, capacity 67372K, committed 67608K, reserved 1107968K
  class space    used 8261K, capacity 8872K, committed 8984K, reserved 1048576K
}
Event: 12.355 GC heap before
{Heap before GC invocations=14 (full 3):
 PSYoungGen      total 361984K, used 361656K [0x000000076c100000, 0x0000000784680000, 0x00000007c0000000)
  eden space 350720K, 100% used [0x000000076c100000,0x0000000781780000,0x0000000781780000)
  from space 11264K, 97% used [0x0000000783b80000,0x000000078462e0f0,0x0000000784680000)
  to   space 18944K, 0% used [0x0000000782180000,0x0000000782180000,0x0000000783400000)
 ParOldGen       total 217088K, used 31571K [0x00000006c4200000, 0x00000006d1600000, 0x000000076c100000)
  object space 217088K, 14% used [0x00000006c4200000,0x00000006c60d4d00,0x00000006d1600000)
 Metaspace       used 71217K, capacity 75658K, committed 75928K, reserved 1116160K
  class space    used 9301K, capacity 10055K, committed 10136K, reserved 1048576K
Event: 12.366 GC heap after
Heap after GC invocations=14 (full 3):
 PSYoungGen      total 379904K, used 18931K [0x000000076c100000, 0x0000000788480000, 0x00000007c0000000)
  eden space 360960K, 0% used [0x000000076c100000,0x000000076c100000,0x0000000782180000)
  from space 18944K, 99% used [0x0000000782180000,0x00000007833fcc10,0x0000000783400000)
  to   space 22528K, 0% used [0x0000000786e80000,0x0000000786e80000,0x0000000788480000)
 ParOldGen       total 217088K, used 35123K [0x00000006c4200000, 0x00000006d1600000, 0x000000076c100000)
  object space 217088K, 16% used [0x00000006c4200000,0x00000006c644cda8,0x00000006d1600000)
 Metaspace       used 71217K, capacity 75658K, committed 75928K, reserved 1116160K
  class space    used 9301K, capacity 10055K, committed 10136K, reserved 1048576K
}
Event: 16.099 GC heap before
{Heap before GC invocations=15 (full 3):
 PSYoungGen      total 379904K, used 379891K [0x000000076c100000, 0x0000000788480000, 0x00000007c0000000)
  eden space 360960K, 100% used [0x000000076c100000,0x0000000782180000,0x0000000782180000)
  from space 18944K, 99% used [0x0000000782180000,0x00000007833fcc10,0x0000000783400000)
  to   space 22528K, 0% used [0x0000000786e80000,0x0000000786e80000,0x0000000788480000)
 ParOldGen       total 217088K, used 35123K [0x00000006c4200000, 0x00000006d1600000, 0x000000076c100000)
  object space 217088K, 16% used [0x00000006c4200000,0x00000006c644cda8,0x00000006d1600000)
 Metaspace       used 84664K, capacity 91208K, committed 91416K, reserved 1128448K
  class space    used 10937K, capacity 12012K, committed 12056K, reserved 1048576K
Event: 16.121 GC heap after
Heap after GC invocations=15 (full 3):
 PSYoungGen      total 432640K, used 22501K [0x000000076c100000, 0x0000000789980000, 0x00000007c0000000)
  eden space 410112K, 0% used [0x000000076c100000,0x000000076c100000,0x0000000785180000)
  from space 22528K, 99% used [0x0000000786e80000,0x0000000788479458,0x0000000788480000)
  to   space 29696K, 0% used [0x0000000785180000,0x0000000785180000,0x0000000786e80000)
 ParOldGen       total 217088K, used 46640K [0x00000006c4200000, 0x00000006d1600000, 0x000000076c100000)
  object space 217088K, 21% used [0x00000006c4200000,0x00000006c6f8c128,0x00000006d1600000)
 Metaspace       used 84664K, capacity 91208K, committed 91416K, reserved 1128448K
  class space    used 10937K, capacity 12012K, committed 12056K, reserved 1048576K
}

Deoptimization events (10 events):
Event: 16.139 Thread 0x00000000025f2800 Uncommon trap: reason=class_check action=maybe_recompile pc=0x0000000003512d98 method=java.util.AbstractList$Itr.hasNext()Z @ 8
Event: 16.149 Thread 0x00000000025f2800 Uncommon trap: reason=bimorphic action=maybe_recompile pc=0x0000000002f8be48 method=java.util.AbstractList$Itr.next()Ljava/lang/Object; @ 14
Event: 16.149 Thread 0x00000000025f2800 Uncommon trap: reason=bimorphic action=maybe_recompile pc=0x0000000002f8be48 method=java.util.AbstractList$Itr.next()Ljava/lang/Object; @ 14
Event: 16.150 Thread 0x00000000025f2800 Uncommon trap: reason=bimorphic action=maybe_recompile pc=0x0000000002f8be48 method=java.util.AbstractList$Itr.next()Ljava/lang/Object; @ 14
Event: 16.294 Thread 0x00000000025f2800 Uncommon trap: reason=unstable_if action=reinterpret pc=0x00000000029a8f00 method=java.lang.CharacterData.of(I)Ljava/lang/CharacterData; @ 4
Event: 16.384 Thread 0x00000000025f2800 Uncommon trap: reason=unstable_if action=reinterpret pc=0x0000000003a0cfac method=org.apache.ibatis.parsing.GenericTokenParser.parse(Ljava/lang/String;)Ljava/lang/String; @ 320
Event: 16.403 Thread 0x00000000261eb000 Uncommon trap: reason=class_check action=maybe_recompile pc=0x000000000432b3b0 method=java.util.HashMap.removeNode(ILjava/lang/Object;Ljava/lang/Object;ZZ)Ljava/util/HashMap$Node; @ 68
Event: 16.407 Thread 0x00000000261e7800 Uncommon trap: reason=class_check action=maybe_recompile pc=0x000000000432b3b0 method=java.util.HashMap.removeNode(ILjava/lang/Object;Ljava/lang/Object;ZZ)Ljava/util/HashMap$Node; @ 68
Event: 16.413 Thread 0x00000000025f2800 Uncommon trap: reason=unstable_if action=reinterpret pc=0x00000000044825a4 method=java.util.regex.Pattern.closure(Ljava/util/regex/Pattern$Node;)Ljava/util/regex/Pattern$Node; @ 113
Event: 16.437 Thread 0x00000000025f2800 Uncommon trap: reason=unstable_if action=reinterpret pc=0x000000000303c37c method=java.util.Properties.loadConvert([CII[C)Ljava/lang/String; @ 445

Classes redefined (0 events):
No events

Internal exceptions (10 events):
Event: 16.384 Thread 0x000000002f791000 Exception <a 'java/lang/OutOfMemoryError'> (0x000000076f814030) thrown at [C:\re\workspace\8-2-build-windows-amd64-cygwin\jdk8u202\12323\hotspot\src\share\vm\prims\unsafe.cpp, line 618]
Event: 16.384 Thread 0x000000002f791000 Exception <a 'java/lang/OutOfMemoryError'> (0x000000076f814030) thrown at [C:\re\workspace\8-2-build-windows-amd64-cygwin\jdk8u202\12323\hotspot\src\share\vm\prims\jni.cpp, line 710]
Event: 16.396 Thread 0x00000000261eb000 Exception <a 'java/lang/OutOfMemoryError'> (0x000000076fa5b018) thrown at [C:\re\workspace\8-2-build-windows-amd64-cygwin\jdk8u202\12323\hotspot\src\share\vm\prims\unsafe.cpp, line 618]
Event: 16.396 Thread 0x00000000261eb000 Exception <a 'java/lang/OutOfMemoryError'> (0x000000076fa5b018) thrown at [C:\re\workspace\8-2-build-windows-amd64-cygwin\jdk8u202\12323\hotspot\src\share\vm\prims\jni.cpp, line 710]
Event: 16.400 Thread 0x00000000261eb000 Exception <a 'java/lang/OutOfMemoryError'> (0x000000076fab82d0) thrown at [C:\re\workspace\8-2-build-windows-amd64-cygwin\jdk8u202\12323\hotspot\src\share\vm\prims\unsafe.cpp, line 618]
Event: 16.400 Thread 0x00000000261eb000 Exception <a 'java/lang/OutOfMemoryError'> (0x000000076fab82d0) thrown at [C:\re\workspace\8-2-build-windows-amd64-cygwin\jdk8u202\12323\hotspot\src\share\vm\prims\jni.cpp, line 710]
Event: 16.401 Thread 0x00000000261e7800 Exception <a 'java/lang/OutOfMemoryError'> (0x000000076fad6438) thrown at [C:\re\workspace\8-2-build-windows-amd64-cygwin\jdk8u202\12323\hotspot\src\share\vm\prims\unsafe.cpp, line 618]
Event: 16.401 Thread 0x00000000261e7800 Exception <a 'java/lang/OutOfMemoryError'> (0x000000076fad6438) thrown at [C:\re\workspace\8-2-build-windows-amd64-cygwin\jdk8u202\12323\hotspot\src\share\vm\prims\jni.cpp, line 710]
Event: 16.406 Thread 0x00000000261e7800 Exception <a 'java/lang/OutOfMemoryError'> (0x000000076fb79428) thrown at [C:\re\workspace\8-2-build-windows-amd64-cygwin\jdk8u202\12323\hotspot\src\share\vm\prims\unsafe.cpp, line 618]
Event: 16.406 Thread 0x00000000261e7800 Exception <a 'java/lang/OutOfMemoryError'> (0x000000076fb79428) thrown at [C:\re\workspace\8-2-build-windows-amd64-cygwin\jdk8u202\12323\hotspot\src\share\vm\prims\jni.cpp, line 710]

Events (10 events):
Event: 16.452 loading class com/mysql/cj/jdbc/JdbcPreparedStatement done
Event: 16.452 loading class com/mysql/cj/jdbc/JdbcStatement
Event: 16.452 loading class com/mysql/cj/jdbc/JdbcStatement done
Event: 16.452 loading class com/mysql/cj/Query
Event: 16.452 loading class com/mysql/cj/Query done
Event: 16.455 loading class com/mysql/cj/jdbc/StatementImpl
Event: 16.455 loading class com/mysql/cj/jdbc/StatementImpl done
Event: 16.457 loading class com/mysql/cj/jdbc/ServerPreparedStatement
Event: 16.457 loading class com/mysql/cj/jdbc/ServerPreparedStatement done
Event: 16.459 loading class java/sql/SQLClientInfoException


Dynamic libraries:
0x00007ff7f1ca0000 - 0x00007ff7f1cd7000 	C:\Program Files\Java\jdk1.8.0_202\jre\bin\java.exe
0x00007ffbaaef0000 - 0x00007ffbab107000 	C:\Windows\SYSTEM32\ntdll.dll
0x00007ffba98f0000 - 0x00007ffba99b4000 	C:\Windows\System32\KERNEL32.DLL
0x00007ffba84b0000 - 0x00007ffba885c000 	C:\Windows\System32\KERNELBASE.dll
0x00007ffba8c90000 - 0x00007ffba8d42000 	C:\Windows\System32\ADVAPI32.dll
0x00007ffba8d50000 - 0x00007ffba8df7000 	C:\Windows\System32\msvcrt.dll
0x00007ffbaa390000 - 0x00007ffbaa43a000 	C:\Windows\System32\sechost.dll
0x00007ffba8220000 - 0x00007ffba8248000 	C:\Windows\System32\bcrypt.dll
0x00007ffba8fa0000 - 0x00007ffba90b5000 	C:\Windows\System32\RPCRT4.dll
0x00007ffba96e0000 - 0x00007ffba988e000 	C:\Windows\System32\USER32.dll
0x00007ffba8250000 - 0x00007ffba8276000 	C:\Windows\System32\win32u.dll
0x00007ffba8f70000 - 0x00007ffba8f99000 	C:\Windows\System32\GDI32.dll
0x00007ffba8b10000 - 0x00007ffba8c29000 	C:\Windows\System32\gdi32full.dll
0x00007ffba8280000 - 0x00007ffba831a000 	C:\Windows\System32\msvcp_win.dll
0x00007ffba8320000 - 0x00007ffba8431000 	C:\Windows\System32\ucrtbase.dll
0x00007ffb87310000 - 0x00007ffb875a3000 	C:\Windows\WinSxS\amd64_microsoft.windows.common-controls_6595b64144ccf1df_6.0.22621.3672_none_2713b9d173822955\COMCTL32.dll
0x00007ffbaae70000 - 0x00007ffbaaea1000 	C:\Windows\System32\IMM32.DLL
0x0000000073fb0000 - 0x0000000074082000 	C:\Program Files\Java\jdk1.8.0_202\jre\bin\msvcr100.dll
0x0000000073700000 - 0x0000000073fa5000 	C:\Program Files\Java\jdk1.8.0_202\jre\bin\server\jvm.dll
0x00007ffba9f00000 - 0x00007ffba9f08000 	C:\Windows\System32\PSAPI.DLL
0x00007ffba1cc0000 - 0x00007ffba1cc9000 	C:\Windows\SYSTEM32\WSOCK32.dll
0x00007ffba0e50000 - 0x00007ffba0e84000 	C:\Windows\SYSTEM32\WINMM.dll
0x00007ffba8e10000 - 0x00007ffba8e81000 	C:\Windows\System32\WS2_32.dll
0x00007ffb9b190000 - 0x00007ffb9b19a000 	C:\Windows\SYSTEM32\VERSION.dll
0x00007ffb95310000 - 0x00007ffb9531f000 	C:\Program Files\Java\jdk1.8.0_202\jre\bin\verify.dll
0x00007ffb952e0000 - 0x00007ffb95309000 	C:\Program Files\Java\jdk1.8.0_202\jre\bin\java.dll
0x00007ffb952c0000 - 0x00007ffb952d6000 	C:\Program Files\Java\jdk1.8.0_202\jre\bin\zip.dll
0x00007ffbaa610000 - 0x00007ffbaae6c000 	C:\Windows\System32\SHELL32.dll
0x00007ffba6130000 - 0x00007ffba6a27000 	C:\Windows\SYSTEM32\windows.storage.dll
0x00007ffba99e0000 - 0x00007ffba9d68000 	C:\Windows\System32\combase.dll
0x00007ffba5e90000 - 0x00007ffba5fcf000 	C:\Windows\SYSTEM32\wintypes.dll
0x00007ffba9d70000 - 0x00007ffba9e64000 	C:\Windows\System32\SHCORE.dll
0x00007ffba8c30000 - 0x00007ffba8c8e000 	C:\Windows\System32\shlwapi.dll
0x00007ffba8150000 - 0x00007ffba8171000 	C:\Windows\SYSTEM32\profapi.dll
0x00007ffba1090000 - 0x00007ffba109d000 	C:\Program Files\Java\jdk1.8.0_202\jre\bin\management.dll
0x00007ffb952a0000 - 0x00007ffb952ba000 	C:\Program Files\Java\jdk1.8.0_202\jre\bin\net.dll
0x00007ffb949f0000 - 0x00007ffb94be0000 	C:\Windows\SYSTEM32\urlmon.dll
0x00007ffb8a090000 - 0x00007ffb8a34e000 	C:\Windows\SYSTEM32\iertutil.dll
0x00007ffb89f80000 - 0x00007ffb89fa8000 	C:\Windows\SYSTEM32\srvcli.dll
0x00007ffba6cf0000 - 0x00007ffba6cfc000 	C:\Windows\SYSTEM32\netutils.dll
0x00007ffba7770000 - 0x00007ffba77d9000 	C:\Windows\system32\mswsock.dll
0x00007ffb8e590000 - 0x00007ffb8e5a2000 	C:\Program Files\Java\jdk1.8.0_202\jre\bin\nio.dll
0x00007ffb78780000 - 0x00007ffb78797000 	C:\Windows\system32\napinsp.dll
0x00007ffb785c0000 - 0x00007ffb785db000 	C:\Windows\system32\pnrpnsp.dll
0x00007ffba6d30000 - 0x00007ffba6e28000 	C:\Windows\SYSTEM32\DNSAPI.dll
0x00007ffba6d00000 - 0x00007ffba6d2d000 	C:\Windows\SYSTEM32\IPHLPAPI.DLL
0x00007ffba8e00000 - 0x00007ffba8e09000 	C:\Windows\System32\NSI.dll
0x00007ffb78410000 - 0x00007ffb78421000 	C:\Windows\System32\winrnr.dll
0x00007ffb783f0000 - 0x00007ffb78405000 	C:\Windows\system32\wshbth.dll
0x00007ffb782a0000 - 0x00007ffb782c7000 	C:\Windows\system32\nlansp_c.dll
0x00007ffba0c30000 - 0x00007ffba0c3a000 	C:\Windows\System32\rasadhlp.dll
0x00007ffba0dc0000 - 0x00007ffba0e43000 	C:\Windows\System32\fwpuclnt.dll
0x00007ffba1d20000 - 0x00007ffba1d39000 	C:\Windows\SYSTEM32\dhcpcsvc6.DLL
0x00007ffba1c80000 - 0x00007ffba1c9f000 	C:\Windows\SYSTEM32\dhcpcsvc.DLL
0x00007ffba5450000 - 0x00007ffba545d000 	C:\Windows\SYSTEM32\WINNSI.DLL
0x00007ffba79a0000 - 0x00007ffba79bb000 	C:\Windows\SYSTEM32\CRYPTSP.dll
0x00007ffba7260000 - 0x00007ffba7295000 	C:\Windows\system32\rsaenh.dll
0x00007ffba7830000 - 0x00007ffba7858000 	C:\Windows\SYSTEM32\USERENV.dll
0x00007ffba8860000 - 0x00007ffba88db000 	C:\Windows\System32\bcryptprimitives.dll
0x00007ffba79c0000 - 0x00007ffba79cc000 	C:\Windows\SYSTEM32\CRYPTBASE.dll

VM Arguments:
java_command: C:\Users\12175\AppData\Local\Temp\surefire2483604590187756488\surefirebooter8679967050853316660.jar C:\Users\12175\AppData\Local\Temp\surefire2483604590187756488 2024-06-24T16-55-24_185-jvmRun1 surefire2008427155295241722tmp surefire_04739921727373458803tmp
java_class_path (initial): C:\Users\12175\AppData\Local\Temp\surefire2483604590187756488\surefirebooter8679967050853316660.jar
Launcher Type: SUN_STANDARD

Environment Variables:
JAVA_HOME=C:\Program Files\Java\jdk1.8.0_202
PATH=C:\Program Files\Java\jdk1.8.0_202\bin;C:\Program Files (x86)\Common Files\Oracle\Java\javapath;C:\Windows\system32;C:\Windows;C:\Windows\System32\Wbem;C:\Windows\System32\WindowsPowerShell\v1.0\;C:\Windows\System32\OpenSSH\;C:\Program Files (x86)\NVIDIA Corporation\PhysX\Common;C:\Program Files\NVIDIA Corporation\NVIDIA NvDLISR;D:\Software\Bandizip\;D:\Software\MySQL\mysql-8.0.33-winx64\bin;C:\Program Files\Python;C:\Program Files\Git\cmd;C:\Program Files\dotnet\;D:\Software\Nodejs\;D:\Software\Graphviz\bin;D:\Software\gradle-8.2.1-bin\gradle-8.2.1\bin;D:\Software\apache-maven-3.9.6-bin\apache-maven-3.9.6\bin;C:\Program Files\Java\jdk-10.0.1\bin;C:\Users\12175\AppData\Roaming\fnm\node-versions\v18.20.3\installation;;C:\Program Files\Docker\Docker\resources\bin;C:\Program Files\MySQL\MySQL Shell 8.0\bin\;C:\Program Files\Python\Scripts\;C:\Program Files\Python\;C:\Users\12175\AppData\Local\Microsoft\WindowsApps;D:\Software\Microsoft VS Code\bin;C:\Users\12175\AppData\Roaming\npm;D:\Software\Webstorm\WebStorm 2023.3.4\bin;;E:\GoLand\GoLand 2023.3.4\bin;;C:\Program Files\Java\jdk1.8.0_202\bin;D:\Software\apache-maven-3.9.6-bin\apache-maven-3.9.6\bin;C:\Users\12175\AppData\Local\Microsoft\WinGet\Packages\Schniz.fnm_Microsoft.Winget.Source_8wekyb3d8bbwe;
USERNAME=12175
OS=Windows_NT
PROCESSOR_IDENTIFIER=Intel64 Family 6 Model 154 Stepping 3, GenuineIntel



---------------  S Y S T E M  ---------------

OS: Windows 10.0 , 64 bit Build 22621 (10.0.22621.3672)

CPU:total 16 (initial active 16) (8 cores per cpu, 2 threads per core) family 6 model 154 stepping 3, cmov, cx8, fxsr, mmx, sse, sse2, sse3, ssse3, sse4.1, sse4.2, popcnt, avx, avx2, aes, clmul, erms, 3dnowpref, lzcnt, ht, tsc, tscinvbit, bmi1, bmi2, adx

Memory: 4k page, physical 16502664k(1605280k free), swap 29610756k(5472k free)

vm_info: Java HotSpot(TM) 64-Bit Server VM (25.202-b08) for windows-amd64 JRE (1.8.0_202-b08), built on Dec 15 2018 19:54:30 by "java_re" with MS VC++ 10.0 (VS2010)

time: Mon Jun 24 16:55:40 2024
timezone: 
elapsed time: 16 seconds (0d 0h 0m 16s)

