#
# There is insufficient memory for the Java Runtime Environment to continue.
# Native memory allocation (malloc) failed to allocate 1048576 bytes for AllocateHeap
# Possible reasons:
#   The system is out of physical RAM or swap space
#   The process is running with CompressedOops enabled, and the Java Heap may be blocking the growth of the native heap
# Possible solutions:
#   Reduce memory load on the system
#   Increase physical memory or swap space
#   Check if swap backing store is full
#   Decrease Java heap size (-Xmx/-Xms)
#   Decrease number of Java threads
#   Decrease Java thread stack sizes (-Xss)
#   Set larger code cache with -XX:ReservedCodeCacheSize=
#   JVM is running with Zero Based Compressed Oops mode in which the Java heap is
#     placed in the first 32GB address space. The Java Heap base address is the
#     maximum limit for the native heap growth. Please use -XX:HeapBaseMinAddress
#     to set the Java Heap base and to place the Java Heap above 32GB virtual address.
# This output file may be truncated or incomplete.
#
#  Out of Memory Error (memory/allocation.inline.hpp:61), pid=27708, tid=0x00000000000029d0
#
# JRE version:  (8.0_202-b08) (build )
# Java VM: Java HotSpot(TM) 64-Bit Server VM (25.202-b08 mixed mode windows-amd64 compressed oops)
# Failed to write core dump. Minidumps are not enabled by default on client versions of Windows
#

---------------  T H R E A D  ---------------

Current thread (0x00000000030b4800):  JavaThread "Unknown thread" [_thread_in_vm, id=10704, stack(0x0000000002fb0000,0x00000000030b0000)]

Stack: [0x0000000002fb0000,0x00000000030b0000]
[error occurred during error reporting (printing stack bounds), id 0xc0000005]

Native frames: (J=compiled Java code, j=interpreted, Vv=VM code, C=native code)


---------------  P R O C E S S  ---------------

Java Threads: ( => current thread )

Other Threads:

=>0x00000000030b4800 (exited) JavaThread "Unknown thread" [_thread_in_vm, id=10704, stack(0x0000000002fb0000,0x00000000030b0000)]

VM state:not at safepoint (normal execution)

VM Mutex/Monitor currently owned by a thread: None

heap address: 0x00000006c4200000, size: 4030 MB, Compressed Oops mode: Zero based, Oop shift amount: 3
Narrow klass base: 0x0000000000000000, Narrow klass shift: 3
Compressed class space size: 1073741824 Address: 0x00000007c0000000

Heap:
 PSYoungGen      total 75264K, used 1290K [0x000000076c100000, 0x0000000771500000, 0x00000007c0000000)
  eden space 64512K, 2% used [0x000000076c100000,0x000000076c242900,0x0000000770000000)
  from space 10752K, 0% used [0x0000000770a80000,0x0000000770a80000,0x0000000771500000)
  to   space 10752K, 0% used [0x0000000770000000,0x0000000770000000,0x0000000770a80000)
 ParOldGen       total 172032K, used 0K [0x00000006c4200000, 0x00000006cea00000, 0x000000076c100000)
  object space 172032K, 0% used [0x00000006c4200000,0x00000006c4200000,0x00000006cea00000)
 Metaspace       used 775K, capacity 4480K, committed 4480K, reserved 1056768K
  class space    used 76K, capacity 384K, committed 384K, reserved 1048576K

Card table byte_map: [0x0000000012730000,0x0000000012f10000] byte_map_base: 0x000000000f10f000

Marking Bits: (ParMarkBitMap*) 0x0000000073f25ce0
 Begin Bits: [0x0000000014150000, 0x0000000018048000)
 End Bits:   [0x0000000018048000, 0x000000001bf40000)

Polling page: 0x0000000002df0000

CodeCache: size=245760Kb used=328Kb max_used=328Kb free=245431Kb
 bounds [0x0000000003370000, 0x00000000035e0000, 0x0000000012370000]
 total_blobs=58 nmethods=0 adapters=38
 compilation: enabled

Compilation events (0 events):
No events

GC Heap History (0 events):
No events

Deoptimization events (0 events):
No events

Classes redefined (0 events):
No events

Internal exceptions (0 events):
No events

Events (10 events):
Event: 0.018 loading class java/lang/Short
Event: 0.018 loading class java/lang/Short done
Event: 0.018 loading class java/lang/Integer
Event: 0.018 loading class java/lang/Integer done
Event: 0.018 loading class java/lang/Long
Event: 0.018 loading class java/lang/Long done
Event: 0.018 loading class java/lang/NullPointerException
Event: 0.018 loading class java/lang/NullPointerException done
Event: 0.018 loading class java/lang/ArithmeticException
Event: 0.018 loading class java/lang/ArithmeticException done


Dynamic libraries:
0x00007ff76f530000 - 0x00007ff76f567000 	C:\Program Files\Java\jdk1.8.0_202\bin\java.exe
0x00007ffbaaef0000 - 0x00007ffbab107000 	C:\Windows\SYSTEM32\ntdll.dll
0x00007ffba98f0000 - 0x00007ffba99b4000 	C:\Windows\System32\KERNEL32.DLL
0x00007ffba84b0000 - 0x00007ffba885c000 	C:\Windows\System32\KERNELBASE.dll
0x00007ffba8c90000 - 0x00007ffba8d42000 	C:\Windows\System32\ADVAPI32.dll
0x00007ffba8d50000 - 0x00007ffba8df7000 	C:\Windows\System32\msvcrt.dll
0x00007ffbaa390000 - 0x00007ffbaa43a000 	C:\Windows\System32\sechost.dll
0x00007ffba8220000 - 0x00007ffba8248000 	C:\Windows\System32\bcrypt.dll
0x00007ffba8fa0000 - 0x00007ffba90b5000 	C:\Windows\System32\RPCRT4.dll
0x00007ffba96e0000 - 0x00007ffba988e000 	C:\Windows\System32\USER32.dll
0x00007ffba8250000 - 0x00007ffba8276000 	C:\Windows\System32\win32u.dll
0x00007ffba8f70000 - 0x00007ffba8f99000 	C:\Windows\System32\GDI32.dll
0x00007ffba8b10000 - 0x00007ffba8c29000 	C:\Windows\System32\gdi32full.dll
0x00007ffba8280000 - 0x00007ffba831a000 	C:\Windows\System32\msvcp_win.dll
0x00007ffba8320000 - 0x00007ffba8431000 	C:\Windows\System32\ucrtbase.dll
0x00007ffb87310000 - 0x00007ffb875a3000 	C:\Windows\WinSxS\amd64_microsoft.windows.common-controls_6595b64144ccf1df_6.0.22621.3672_none_2713b9d173822955\COMCTL32.dll
0x00007ffbaae70000 - 0x00007ffbaaea1000 	C:\Windows\System32\IMM32.DLL
0x0000000073fb0000 - 0x0000000074082000 	C:\Program Files\Java\jdk1.8.0_202\jre\bin\msvcr100.dll
0x0000000073700000 - 0x0000000073fa5000 	C:\Program Files\Java\jdk1.8.0_202\jre\bin\server\jvm.dll
0x00007ffba9f00000 - 0x00007ffba9f08000 	C:\Windows\System32\PSAPI.DLL
0x00007ffb9b190000 - 0x00007ffb9b19a000 	C:\Windows\SYSTEM32\VERSION.dll
0x00007ffba1cc0000 - 0x00007ffba1cc9000 	C:\Windows\SYSTEM32\WSOCK32.dll
0x00007ffba0e50000 - 0x00007ffba0e84000 	C:\Windows\SYSTEM32\WINMM.dll
0x00007ffba8e10000 - 0x00007ffba8e81000 	C:\Windows\System32\WS2_32.dll
0x00007ffb9ca60000 - 0x00007ffb9ca6f000 	C:\Program Files\Java\jdk1.8.0_202\jre\bin\verify.dll
0x00007ffb91ca0000 - 0x00007ffb91cc9000 	C:\Program Files\Java\jdk1.8.0_202\jre\bin\java.dll
0x00007ffb79a40000 - 0x00007ffb79a63000 	C:\Program Files\Java\jdk1.8.0_202\jre\bin\instrument.dll
0x00007ffb953c0000 - 0x00007ffb953d6000 	C:\Program Files\Java\jdk1.8.0_202\jre\bin\zip.dll

VM Arguments:
jvm_args: -XX:TieredStopAtLevel=1 -Xverify:none -Dspring.output.ansi.enabled=always -Dcom.sun.management.jmxremote -Dspring.jmx.enabled=true -Dspring.liveBeansView.mbeanDomain -Dspring.application.admin.enabled=true -Dmanagement.endpoints.jmx.exposure.include=* -javaagent:D:\Software\Idea\IntelliJ IDEA 2023.1.2\lib\idea_rt.jar=54835:D:\Software\Idea\IntelliJ IDEA 2023.1.2\bin -Dfile.encoding=UTF-8 
java_command: com.yupi.project.MyApplication
java_class_path (initial): C:\Program Files\Java\jdk1.8.0_202\jre\lib\charsets.jar;C:\Program Files\Java\jdk1.8.0_202\jre\lib\deploy.jar;C:\Program Files\Java\jdk1.8.0_202\jre\lib\ext\access-bridge-64.jar;C:\Program Files\Java\jdk1.8.0_202\jre\lib\ext\cldrdata.jar;C:\Program Files\Java\jdk1.8.0_202\jre\lib\ext\dnsns.jar;C:\Program Files\Java\jdk1.8.0_202\jre\lib\ext\jaccess.jar;C:\Program Files\Java\jdk1.8.0_202\jre\lib\ext\jfxrt.jar;C:\Program Files\Java\jdk1.8.0_202\jre\lib\ext\localedata.jar;C:\Program Files\Java\jdk1.8.0_202\jre\lib\ext\nashorn.jar;C:\Program Files\Java\jdk1.8.0_202\jre\lib\ext\sunec.jar;C:\Program Files\Java\jdk1.8.0_202\jre\lib\ext\sunjce_provider.jar;C:\Program Files\Java\jdk1.8.0_202\jre\lib\ext\sunmscapi.jar;C:\Program Files\Java\jdk1.8.0_202\jre\lib\ext\sunpkcs11.jar;C:\Program Files\Java\jdk1.8.0_202\jre\lib\ext\zipfs.jar;C:\Program Files\Java\jdk1.8.0_202\jre\lib\javaws.jar;C:\Program Files\Java\jdk1.8.0_202\jre\lib\jce.jar;C:\Program Files\Java\jdk1.8.0_202\jre\lib\jfr.jar;C:\Program Files\Java\jdk1.8.0_202\jre\lib\jfxswt.jar;C:\Program Files\Java\jdk1.8.0_202\jre\lib\jsse.jar;C:\Program Files\Java\jdk1.8.0_202\jre\lib\management-agent.jar;C:\Program Files\Java\jdk1.8.0_202\jre\lib\plugin.jar;C:\Program Files\Java\jdk1.8.0_202\jre\lib\resources.jar;C:\Program Files\Java\jdk1.8.0_202\jre\lib\rt.jar;C:\Program Files\Java\jdk1.8.0_202;E:\BaiduNetdiskDownload\yuapi-backend-master\target\classes;C:\Users\12175\.m2\repository\org\springframework\boot\spring-boot-starter-data-redis\2.7.0\spring-boot-starter-data-redis-2.7.0.jar;C:\Users\12175\.m2\repository\org\springframework\boot\spring-boot-starter\2.7.0\spring-boot-starter-2.7.0.jar;C:\Users\12175\.m2\repository\org\springframework\boot\spring-boot-starter-logging\2.7.0\spring-boot-starter-logging-2.7.0.jar;C:\Users\12175\.m2\repository\ch\qos\logback\logback-classic\1.2.11\logback-classic-1.2.11.jar;C:\Users\12175\.m2\repository\ch\qos\logback\logback-core\1.2.11\logback-core-1.2.11.jar
Launcher Type: SUN_STANDARD

Environment Variables:
JAVA_HOME=C:\Program Files\Java\jdk1.8.0_202
PATH=C:\Program Files\Java\jdk1.8.0_202\bin;C:\Program Files (x86)\Common Files\Oracle\Java\javapath;C:\Windows\system32;C:\Windows;C:\Windows\System32\Wbem;C:\Windows\System32\WindowsPowerShell\v1.0\;C:\Windows\System32\OpenSSH\;C:\Program Files (x86)\NVIDIA Corporation\PhysX\Common;C:\Program Files\NVIDIA Corporation\NVIDIA NvDLISR;D:\Software\Bandizip\;D:\Software\MySQL\mysql-8.0.33-winx64\bin;C:\Program Files\Python;C:\Program Files\Git\cmd;C:\Program Files\dotnet\;D:\Software\Nodejs\;D:\Software\Graphviz\bin;D:\Software\gradle-8.2.1-bin\gradle-8.2.1\bin;D:\Software\apache-maven-3.9.6-bin\apache-maven-3.9.6\bin;C:\Program Files\Java\jdk-10.0.1\bin;C:\Users\12175\AppData\Roaming\fnm\node-versions\v18.20.3\installation;;C:\Program Files\Docker\Docker\resources\bin;C:\Program Files\MySQL\MySQL Shell 8.0\bin\;C:\Program Files\Python\Scripts\;C:\Program Files\Python\;C:\Users\12175\AppData\Local\Microsoft\WindowsApps;D:\Software\Microsoft VS Code\bin;C:\Users\12175\AppData\Roaming\npm;D:\Software\Webstorm\WebStorm 2023.3.4\bin;;E:\GoLand\GoLand 2023.3.4\bin;;C:\Program Files\Java\jdk1.8.0_202\bin;D:\Software\apache-maven-3.9.6-bin\apache-maven-3.9.6\bin;C:\Users\12175\AppData\Local\Microsoft\WinGet\Packages\Schniz.fnm_Microsoft.Winget.Source_8wekyb3d8bbwe;
USERNAME=12175
OS=Windows_NT
PROCESSOR_IDENTIFIER=Intel64 Family 6 Model 154 Stepping 3, GenuineIntel



---------------  S Y S T E M  ---------------

OS: Windows 10.0 , 64 bit Build 22621 (10.0.22621.3672)

CPU:total 16 (initial active 16) (8 cores per cpu, 2 threads per core) family 6 model 154 stepping 3, cmov, cx8, fxsr, mmx, sse, sse2, sse3, ssse3, sse4.1, sse4.2, popcnt, avx, avx2, aes, clmul, erms, 3dnowpref, lzcnt, ht, tsc, tscinvbit, bmi1, bmi2, adx

Memory: 4k page, physical 16502664k(762172k free), swap 29610756k(5408k free)

vm_info: Java HotSpot(TM) 64-Bit Server VM (25.202-b08) for windows-amd64 JRE (1.8.0_202-b08), built on Dec 15 2018 19:54:30 by "java_re" with MS VC++ 10.0 (VS2010)

time: Wed Jun 26 00:13:56 2024
timezone: 中国标准时间
elapsed time: 0 seconds (0d 0h 0m 0s)

